CRITICAL - 2024-02-24 08:32:04 --> ErrorException: Undefined variable $imageData
in APPPATH\Controllers\User.php on line 137.
 1 APPPATH\Controllers\User.php(137): CodeIgniter\Debug\Exceptions->errorHandler(2, 'Undefined variable $imageData', 'C:\\xampp\\htdocs\\CI\\app\\Controllers\\User.php', 137)
 2 SYSTEMPATH\CodeIgniter.php(941): App\Controllers\User->create()
 3 SYSTEMPATH\CodeIgniter.php(502): CodeIgniter\CodeIgniter->runController(Object(App\Controllers\User))
 4 SYSTEMPATH\CodeIgniter.php(361): CodeIgniter\CodeIgniter->handleRequest(null, Object(Config\Cache), false)
 5 FCPATH\index.php(79): CodeIgniter\CodeIgniter->run()
CRITICAL - 2024-02-24 08:33:19 --> Error: Class "Cloudinary" not found
in APPPATH\Controllers\User.php on line 77.
 1 APPPATH\Controllers\User.php(137): App\Controllers\User->uploadImage(Object(CodeIgniter\HTTP\Files\UploadedFile))
 2 SYSTEMPATH\CodeIgniter.php(941): App\Controllers\User->create()
 3 SYSTEMPATH\CodeIgniter.php(502): CodeIgniter\CodeIgniter->runController(Object(App\Controllers\User))
 4 SYSTEMPATH\CodeIgniter.php(361): CodeIgniter\CodeIgniter->handleRequest(null, Object(Config\Cache), false)
 5 FCPATH\index.php(79): CodeIgniter\CodeIgniter->run()
CRITICAL - 2024-02-24 08:40:06 --> ErrorException: require(vendor/autoload.php): Failed to open stream: No such file or directory
in APPPATH\Controllers\User.php on line 4.
 1 APPPATH\Controllers\User.php(4): CodeIgniter\Debug\Exceptions->errorHandler(2, 'require(vendor/autoload.php): Failed to open stream: No such file or directory', 'C:\\xampp\\htdocs\\CI\\app\\Controllers\\User.php', 4)
 2 APPPATH\Controllers\User.php(4): require()
 3 SYSTEMPATH\Autoloader\Autoloader.php(309): include_once('C:\\xampp\\htdocs\\CI\\app\\Controllers\\User.php')
 4 SYSTEMPATH\Autoloader\Autoloader.php(288): CodeIgniter\Autoloader\Autoloader->includeFile('C:\\xampp\\htdocs\\CI\\app\\Controllers\\User.php')
 5 SYSTEMPATH\Autoloader\Autoloader.php(266): CodeIgniter\Autoloader\Autoloader->loadInNamespace('App\\Controllers\\User')
 6 [internal function]: CodeIgniter\Autoloader\Autoloader->loadClass('App\\Controllers\\User')
 7 SYSTEMPATH\CodeIgniter.php(899): class_exists('\\App\\Controllers\\User', true)
 8 SYSTEMPATH\CodeIgniter.php(489): CodeIgniter\CodeIgniter->startController()
 9 SYSTEMPATH\CodeIgniter.php(361): CodeIgniter\CodeIgniter->handleRequest(null, Object(Config\Cache), false)
10 FCPATH\index.php(79): CodeIgniter\CodeIgniter->run()
CRITICAL - 2024-02-24 08:41:22 --> Error: Class "Cloudinary" not found
in APPPATH\Controllers\User.php on line 77.
 1 APPPATH\Controllers\User.php(137): App\Controllers\User->uploadImage(Object(CodeIgniter\HTTP\Files\UploadedFile))
 2 SYSTEMPATH\CodeIgniter.php(941): App\Controllers\User->create()
 3 SYSTEMPATH\CodeIgniter.php(502): CodeIgniter\CodeIgniter->runController(Object(App\Controllers\User))
 4 SYSTEMPATH\CodeIgniter.php(361): CodeIgniter\CodeIgniter->handleRequest(null, Object(Config\Cache), false)
 5 FCPATH\index.php(79): CodeIgniter\CodeIgniter->run()
CRITICAL - 2024-02-24 08:43:44 --> Error: Class "Cloudinary" not found
in APPPATH\Controllers\User.php on line 77.
 1 APPPATH\Controllers\User.php(137): App\Controllers\User->uploadImage(Object(CodeIgniter\HTTP\Files\UploadedFile))
 2 SYSTEMPATH\CodeIgniter.php(941): App\Controllers\User->create()
 3 SYSTEMPATH\CodeIgniter.php(502): CodeIgniter\CodeIgniter->runController(Object(App\Controllers\User))
 4 SYSTEMPATH\CodeIgniter.php(361): CodeIgniter\CodeIgniter->handleRequest(null, Object(Config\Cache), false)
 5 FCPATH\index.php(79): CodeIgniter\CodeIgniter->run()
CRITICAL - 2024-02-24 08:46:21 --> Error: Class "Cloudinary" not found
in APPPATH\Controllers\User.php on line 77.
 1 APPPATH\Controllers\User.php(138): App\Controllers\User->uploadImage()
 2 SYSTEMPATH\CodeIgniter.php(941): App\Controllers\User->create()
 3 SYSTEMPATH\CodeIgniter.php(502): CodeIgniter\CodeIgniter->runController(Object(App\Controllers\User))
 4 SYSTEMPATH\CodeIgniter.php(361): CodeIgniter\CodeIgniter->handleRequest(null, Object(Config\Cache), false)
 5 FCPATH\index.php(79): CodeIgniter\CodeIgniter->run()
CRITICAL - 2024-02-24 08:48:52 --> ErrorException: require_once(C:\xampp\htdocs\CI\public\vendor/autoload.php): Failed to open stream: No such file or directory
in APPPATH\Controllers\User.php on line 5.
 1 APPPATH\Controllers\User.php(5): CodeIgniter\Debug\Exceptions->errorHandler(2, 'require_once(C:\\xampp\\htdocs\\CI\\public\\vendor/autoload.php): Failed to open stream: No such file or directory', 'C:\\xampp\\htdocs\\CI\\app\\Controllers\\User.php', 5)
 2 APPPATH\Controllers\User.php(5): require_once()
 3 SYSTEMPATH\Autoloader\Autoloader.php(309): include_once('C:\\xampp\\htdocs\\CI\\app\\Controllers\\User.php')
 4 SYSTEMPATH\Autoloader\Autoloader.php(288): CodeIgniter\Autoloader\Autoloader->includeFile('C:\\xampp\\htdocs\\CI\\app\\Controllers\\User.php')
 5 SYSTEMPATH\Autoloader\Autoloader.php(266): CodeIgniter\Autoloader\Autoloader->loadInNamespace('App\\Controllers\\User')
 6 [internal function]: CodeIgniter\Autoloader\Autoloader->loadClass('App\\Controllers\\User')
 7 SYSTEMPATH\CodeIgniter.php(899): class_exists('\\App\\Controllers\\User', true)
 8 SYSTEMPATH\CodeIgniter.php(489): CodeIgniter\CodeIgniter->startController()
 9 SYSTEMPATH\CodeIgniter.php(361): CodeIgniter\CodeIgniter->handleRequest(null, Object(Config\Cache), false)
10 FCPATH\index.php(79): CodeIgniter\CodeIgniter->run()
CRITICAL - 2024-02-24 08:53:09 --> ErrorException: require_once(C:\xampp\htdocs\CI\public\vendor/autoload.php): Failed to open stream: No such file or directory
in APPPATH\Controllers\User.php on line 5.
 1 APPPATH\Controllers\User.php(5): CodeIgniter\Debug\Exceptions->errorHandler(2, 'require_once(C:\\xampp\\htdocs\\CI\\public\\vendor/autoload.php): Failed to open stream: No such file or directory', 'C:\\xampp\\htdocs\\CI\\app\\Controllers\\User.php', 5)
 2 APPPATH\Controllers\User.php(5): require_once()
 3 SYSTEMPATH\Autoloader\Autoloader.php(309): include_once('C:\\xampp\\htdocs\\CI\\app\\Controllers\\User.php')
 4 SYSTEMPATH\Autoloader\Autoloader.php(288): CodeIgniter\Autoloader\Autoloader->includeFile('C:\\xampp\\htdocs\\CI\\app\\Controllers\\User.php')
 5 SYSTEMPATH\Autoloader\Autoloader.php(266): CodeIgniter\Autoloader\Autoloader->loadInNamespace('App\\Controllers\\User')
 6 [internal function]: CodeIgniter\Autoloader\Autoloader->loadClass('App\\Controllers\\User')
 7 SYSTEMPATH\CodeIgniter.php(899): class_exists('\\App\\Controllers\\User', true)
 8 SYSTEMPATH\CodeIgniter.php(489): CodeIgniter\CodeIgniter->startController()
 9 SYSTEMPATH\CodeIgniter.php(361): CodeIgniter\CodeIgniter->handleRequest(null, Object(Config\Cache), false)
10 FCPATH\index.php(79): CodeIgniter\CodeIgniter->run()
CRITICAL - 2024-02-24 08:53:32 --> Error: Class "Cloudinary" not found
in APPPATH\Controllers\User.php on line 78.
 1 APPPATH\Controllers\User.php(139): App\Controllers\User->uploadImage()
 2 SYSTEMPATH\CodeIgniter.php(941): App\Controllers\User->create()
 3 SYSTEMPATH\CodeIgniter.php(502): CodeIgniter\CodeIgniter->runController(Object(App\Controllers\User))
 4 SYSTEMPATH\CodeIgniter.php(361): CodeIgniter\CodeIgniter->handleRequest(null, Object(Config\Cache), false)
 5 FCPATH\index.php(79): CodeIgniter\CodeIgniter->run()
CRITICAL - 2024-02-24 09:05:23 --> Error: Class "Cloudinary" not found
in APPPATH\Controllers\User.php on line 77.
 1 APPPATH\Controllers\User.php(138): App\Controllers\User->uploadImage()
 2 SYSTEMPATH\CodeIgniter.php(941): App\Controllers\User->create()
 3 SYSTEMPATH\CodeIgniter.php(502): CodeIgniter\CodeIgniter->runController(Object(App\Controllers\User))
 4 SYSTEMPATH\CodeIgniter.php(361): CodeIgniter\CodeIgniter->handleRequest(null, Object(Config\Cache), false)
 5 FCPATH\index.php(79): CodeIgniter\CodeIgniter->run()
CRITICAL - 2024-02-24 09:08:50 --> Error: Class "Cloudinary" not found
in APPPATH\Controllers\User.php on line 77.
 1 APPPATH\Controllers\User.php(138): App\Controllers\User->uploadImage()
 2 SYSTEMPATH\CodeIgniter.php(941): App\Controllers\User->create()
 3 SYSTEMPATH\CodeIgniter.php(502): CodeIgniter\CodeIgniter->runController(Object(App\Controllers\User))
 4 SYSTEMPATH\CodeIgniter.php(361): CodeIgniter\CodeIgniter->handleRequest(null, Object(Config\Cache), false)
 5 FCPATH\index.php(79): CodeIgniter\CodeIgniter->run()
CRITICAL - 2024-02-24 09:09:10 --> Error: Class "Cloudinary" not found
in APPPATH\Controllers\User.php on line 77.
 1 APPPATH\Controllers\User.php(138): App\Controllers\User->uploadImage()
 2 SYSTEMPATH\CodeIgniter.php(941): App\Controllers\User->create()
 3 SYSTEMPATH\CodeIgniter.php(502): CodeIgniter\CodeIgniter->runController(Object(App\Controllers\User))
 4 SYSTEMPATH\CodeIgniter.php(361): CodeIgniter\CodeIgniter->handleRequest(null, Object(Config\Cache), false)
 5 FCPATH\index.php(79): CodeIgniter\CodeIgniter->run()
CRITICAL - 2024-02-24 09:12:44 --> Error: Class "Cloudinary" not found
in APPPATH\Controllers\User.php on line 77.
 1 APPPATH\Controllers\User.php(138): App\Controllers\User->uploadImage()
 2 SYSTEMPATH\CodeIgniter.php(941): App\Controllers\User->create()
 3 SYSTEMPATH\CodeIgniter.php(502): CodeIgniter\CodeIgniter->runController(Object(App\Controllers\User))
 4 SYSTEMPATH\CodeIgniter.php(361): CodeIgniter\CodeIgniter->handleRequest(null, Object(Config\Cache), false)
 5 FCPATH\index.php(80): CodeIgniter\CodeIgniter->run()
CRITICAL - 2024-02-24 09:15:18 --> Error: Class "Cloudinary" not found
in APPPATH\Controllers\User.php on line 77.
 1 APPPATH\Controllers\User.php(138): App\Controllers\User->uploadImage()
 2 SYSTEMPATH\CodeIgniter.php(941): App\Controllers\User->create()
 3 SYSTEMPATH\CodeIgniter.php(502): CodeIgniter\CodeIgniter->runController(Object(App\Controllers\User))
 4 SYSTEMPATH\CodeIgniter.php(361): CodeIgniter\CodeIgniter->handleRequest(null, Object(Config\Cache), false)
 5 FCPATH\index.php(79): CodeIgniter\CodeIgniter->run()
CRITICAL - 2024-02-24 09:18:28 --> Error: Class "Cloudinary" not found
in APPPATH\Controllers\User.php on line 77.
 1 APPPATH\Controllers\User.php(138): App\Controllers\User->uploadImage()
 2 SYSTEMPATH\CodeIgniter.php(941): App\Controllers\User->create()
 3 SYSTEMPATH\CodeIgniter.php(502): CodeIgniter\CodeIgniter->runController(Object(App\Controllers\User))
 4 SYSTEMPATH\CodeIgniter.php(361): CodeIgniter\CodeIgniter->handleRequest(null, Object(Config\Cache), false)
 5 FCPATH\index.php(79): CodeIgniter\CodeIgniter->run()
CRITICAL - 2024-02-24 09:22:13 --> Error: Class "Cloudinary" not found
in APPPATH\Controllers\User.php on line 77.
 1 APPPATH\Controllers\User.php(138): App\Controllers\User->uploadImage()
 2 SYSTEMPATH\CodeIgniter.php(941): App\Controllers\User->create()
 3 SYSTEMPATH\CodeIgniter.php(502): CodeIgniter\CodeIgniter->runController(Object(App\Controllers\User))
 4 SYSTEMPATH\CodeIgniter.php(361): CodeIgniter\CodeIgniter->handleRequest(null, Object(Config\Cache), false)
 5 FCPATH\index.php(79): CodeIgniter\CodeIgniter->run()
CRITICAL - 2024-02-24 09:26:41 --> Error: Class "Cloudinary" not found
in APPPATH\Controllers\User.php on line 77.
 1 APPPATH\Controllers\User.php(138): App\Controllers\User->uploadImage()
 2 SYSTEMPATH\CodeIgniter.php(941): App\Controllers\User->create()
 3 SYSTEMPATH\CodeIgniter.php(502): CodeIgniter\CodeIgniter->runController(Object(App\Controllers\User))
 4 SYSTEMPATH\CodeIgniter.php(361): CodeIgniter\CodeIgniter->handleRequest(null, Object(Config\Cache), false)
 5 FCPATH\index.php(79): CodeIgniter\CodeIgniter->run()
CRITICAL - 2024-02-24 09:28:12 --> Error: Class "Cloudinary" not found
in APPPATH\Controllers\User.php on line 77.
 1 APPPATH\Controllers\User.php(138): App\Controllers\User->uploadImage()
 2 SYSTEMPATH\CodeIgniter.php(941): App\Controllers\User->create()
 3 SYSTEMPATH\CodeIgniter.php(502): CodeIgniter\CodeIgniter->runController(Object(App\Controllers\User))
 4 SYSTEMPATH\CodeIgniter.php(361): CodeIgniter\CodeIgniter->handleRequest(null, Object(Config\Cache), false)
 5 FCPATH\index.php(79): CodeIgniter\CodeIgniter->run()
CRITICAL - 2024-02-24 09:29:39 --> Error: Class "Cloudinary" not found
in APPPATH\Controllers\User.php on line 77.
 1 APPPATH\Controllers\User.php(138): App\Controllers\User->uploadImage()
 2 SYSTEMPATH\CodeIgniter.php(941): App\Controllers\User->create()
 3 SYSTEMPATH\CodeIgniter.php(502): CodeIgniter\CodeIgniter->runController(Object(App\Controllers\User))
 4 SYSTEMPATH\CodeIgniter.php(361): CodeIgniter\CodeIgniter->handleRequest(null, Object(Config\Cache), false)
 5 FCPATH\index.php(79): CodeIgniter\CodeIgniter->run()
CRITICAL - 2024-02-24 09:54:08 --> Error: Class "Cloudinary" not found
in APPPATH\Controllers\User.php on line 77.
 1 APPPATH\Controllers\User.php(138): App\Controllers\User->uploadImage()
 2 SYSTEMPATH\CodeIgniter.php(941): App\Controllers\User->create()
 3 SYSTEMPATH\CodeIgniter.php(502): CodeIgniter\CodeIgniter->runController(Object(App\Controllers\User))
 4 SYSTEMPATH\CodeIgniter.php(361): CodeIgniter\CodeIgniter->handleRequest(null, Object(Config\Cache), false)
 5 FCPATH\index.php(79): CodeIgniter\CodeIgniter->run()
CRITICAL - 2024-02-24 09:57:57 --> Error: Class "Cloudinary" not found
in APPPATH\Controllers\User.php on line 77.
 1 APPPATH\Controllers\User.php(138): App\Controllers\User->uploadImage()
 2 SYSTEMPATH\CodeIgniter.php(941): App\Controllers\User->create()
 3 SYSTEMPATH\CodeIgniter.php(502): CodeIgniter\CodeIgniter->runController(Object(App\Controllers\User))
 4 SYSTEMPATH\CodeIgniter.php(361): CodeIgniter\CodeIgniter->handleRequest(null, Object(Config\Cache), false)
 5 FCPATH\index.php(79): CodeIgniter\CodeIgniter->run()
CRITICAL - 2024-02-24 09:59:04 --> Error: Class "Cloudinary" not found
in APPPATH\Controllers\User.php on line 77.
 1 APPPATH\Controllers\User.php(138): App\Controllers\User->uploadImage()
 2 SYSTEMPATH\CodeIgniter.php(941): App\Controllers\User->create()
 3 SYSTEMPATH\CodeIgniter.php(502): CodeIgniter\CodeIgniter->runController(Object(App\Controllers\User))
 4 SYSTEMPATH\CodeIgniter.php(361): CodeIgniter\CodeIgniter->handleRequest(null, Object(Config\Cache), false)
 5 FCPATH\index.php(79): CodeIgniter\CodeIgniter->run()
CRITICAL - 2024-02-24 10:05:22 --> Error: Call to undefined method Cloudinary\Cloudinary::config()
in APPPATH\Controllers\User.php on line 76.
 1 APPPATH\Controllers\User.php(137): App\Controllers\User->uploadImage()
 2 SYSTEMPATH\CodeIgniter.php(941): App\Controllers\User->create()
 3 SYSTEMPATH\CodeIgniter.php(502): CodeIgniter\CodeIgniter->runController(Object(App\Controllers\User))
 4 SYSTEMPATH\CodeIgniter.php(361): CodeIgniter\CodeIgniter->handleRequest(null, Object(Config\Cache), false)
 5 FCPATH\index.php(79): CodeIgniter\CodeIgniter->run()
CRITICAL - 2024-02-24 10:08:01 --> Error: Class "Cloudinary" not found
in APPPATH\Controllers\User.php on line 77.
 1 APPPATH\Controllers\User.php(138): App\Controllers\User->uploadImage()
 2 SYSTEMPATH\CodeIgniter.php(941): App\Controllers\User->create()
 3 SYSTEMPATH\CodeIgniter.php(502): CodeIgniter\CodeIgniter->runController(Object(App\Controllers\User))
 4 SYSTEMPATH\CodeIgniter.php(361): CodeIgniter\CodeIgniter->handleRequest(null, Object(Config\Cache), false)
 5 FCPATH\index.php(79): CodeIgniter\CodeIgniter->run()
CRITICAL - 2024-02-24 10:08:05 --> Error: Class "Cloudinary" not found
in APPPATH\Controllers\User.php on line 77.
 1 APPPATH\Controllers\User.php(138): App\Controllers\User->uploadImage()
 2 SYSTEMPATH\CodeIgniter.php(941): App\Controllers\User->create()
 3 SYSTEMPATH\CodeIgniter.php(502): CodeIgniter\CodeIgniter->runController(Object(App\Controllers\User))
 4 SYSTEMPATH\CodeIgniter.php(361): CodeIgniter\CodeIgniter->handleRequest(null, Object(Config\Cache), false)
 5 FCPATH\index.php(79): CodeIgniter\CodeIgniter->run()
CRITICAL - 2024-02-24 10:09:57 --> Error: Class "Cloudinary" not found
in APPPATH\Controllers\User.php on line 77.
 1 APPPATH\Controllers\User.php(138): App\Controllers\User->uploadImage()
 2 SYSTEMPATH\CodeIgniter.php(941): App\Controllers\User->create()
 3 SYSTEMPATH\CodeIgniter.php(502): CodeIgniter\CodeIgniter->runController(Object(App\Controllers\User))
 4 SYSTEMPATH\CodeIgniter.php(361): CodeIgniter\CodeIgniter->handleRequest(null, Object(Config\Cache), false)
 5 FCPATH\index.php(79): CodeIgniter\CodeIgniter->run()
CRITICAL - 2024-02-24 10:13:27 --> Error: Call to undefined method Cloudinary\Cloudinary::config()
in APPPATH\Controllers\User.php on line 77.
 1 APPPATH\Controllers\User.php(143): App\Controllers\User->uploadImage()
 2 SYSTEMPATH\CodeIgniter.php(941): App\Controllers\User->create()
 3 SYSTEMPATH\CodeIgniter.php(502): CodeIgniter\CodeIgniter->runController(Object(App\Controllers\User))
 4 SYSTEMPATH\CodeIgniter.php(361): CodeIgniter\CodeIgniter->handleRequest(null, Object(Config\Cache), false)
 5 FCPATH\index.php(79): CodeIgniter\CodeIgniter->run()
