CRITICAL - 2024-02-27 06:39:30 --> Error: Call to a member function isValid() on null
in APPPATH\Controllers\User.php on line 131.
 1 APPPATH\Controllers\User.php(184): App\Controllers\User->uploadImage()
 2 SYSTEMPATH\CodeIgniter.php(941): App\Controllers\User->create()
 3 SYSTEMPATH\CodeIgniter.php(502): CodeIgniter\CodeIgniter->runController(Object(App\Controllers\User))
 4 SYSTEMPATH\CodeIgniter.php(361): CodeIgniter\CodeIgniter->handleRequest(null, Object(Config\Cache), false)
 5 FCPATH\index.php(87): CodeIgniter\CodeIgniter->run()
CRITICAL - 2024-02-27 06:55:19 --> Error: Call to a member function getName() on null
in APPPATH\Controllers\User.php on line 184.
 1 SYSTEMPATH\CodeIgniter.php(941): App\Controllers\User->create()
 2 SYSTEMPATH\CodeIgniter.php(502): CodeIgniter\CodeIgniter->runController(Object(App\Controllers\User))
 3 SYSTEMPATH\CodeIgniter.php(361): CodeIgniter\CodeIgniter->handleRequest(null, Object(Config\Cache), false)
 4 FCPATH\index.php(87): CodeIgniter\CodeIgniter->run()
CRITICAL - 2024-02-27 06:58:48 --> ErrorException: Undefined variable $name
in APPPATH\Controllers\User.php on line 190.
 1 APPPATH\Controllers\User.php(190): CodeIgniter\Debug\Exceptions->errorHandler(2, 'Undefined variable $name', 'C:\\xampp\\htdocs\\CI\\app\\Controllers\\User.php', 190)
 2 SYSTEMPATH\CodeIgniter.php(941): App\Controllers\User->create()
 3 SYSTEMPATH\CodeIgniter.php(502): CodeIgniter\CodeIgniter->runController(Object(App\Controllers\User))
 4 SYSTEMPATH\CodeIgniter.php(361): CodeIgniter\CodeIgniter->handleRequest(null, Object(Config\Cache), false)
 5 FCPATH\index.php(87): CodeIgniter\CodeIgniter->run()
CRITICAL - 2024-02-27 07:00:01 --> ErrorException: Array to string conversion
in APPPATH\Controllers\User.php on line 190.
 1 APPPATH\Controllers\User.php(190): CodeIgniter\Debug\Exceptions->errorHandler(2, 'Array to string conversion', 'C:\\xampp\\htdocs\\CI\\app\\Controllers\\User.php', 190)
 2 SYSTEMPATH\CodeIgniter.php(941): App\Controllers\User->create()
 3 SYSTEMPATH\CodeIgniter.php(502): CodeIgniter\CodeIgniter->runController(Object(App\Controllers\User))
 4 SYSTEMPATH\CodeIgniter.php(361): CodeIgniter\CodeIgniter->handleRequest(null, Object(Config\Cache), false)
 5 FCPATH\index.php(87): CodeIgniter\CodeIgniter->run()
CRITICAL - 2024-02-27 07:00:02 --> ErrorException: Array to string conversion
in APPPATH\Controllers\User.php on line 190.
 1 APPPATH\Controllers\User.php(190): CodeIgniter\Debug\Exceptions->errorHandler(2, 'Array to string conversion', 'C:\\xampp\\htdocs\\CI\\app\\Controllers\\User.php', 190)
 2 SYSTEMPATH\CodeIgniter.php(941): App\Controllers\User->create()
 3 SYSTEMPATH\CodeIgniter.php(502): CodeIgniter\CodeIgniter->runController(Object(App\Controllers\User))
 4 SYSTEMPATH\CodeIgniter.php(361): CodeIgniter\CodeIgniter->handleRequest(null, Object(Config\Cache), false)
 5 FCPATH\index.php(87): CodeIgniter\CodeIgniter->run()
CRITICAL - 2024-02-27 07:00:46 --> Error: Call to a member function getName() on array
in APPPATH\Controllers\User.php on line 191.
 1 SYSTEMPATH\CodeIgniter.php(941): App\Controllers\User->create()
 2 SYSTEMPATH\CodeIgniter.php(502): CodeIgniter\CodeIgniter->runController(Object(App\Controllers\User))
 3 SYSTEMPATH\CodeIgniter.php(361): CodeIgniter\CodeIgniter->handleRequest(null, Object(Config\Cache), false)
 4 FCPATH\index.php(87): CodeIgniter\CodeIgniter->run()
CRITICAL - 2024-02-27 07:02:35 --> Error: Call to a member function getName() on string
in APPPATH\Controllers\User.php on line 146.
 1 APPPATH\Controllers\User.php(194): App\Controllers\User->uploadImage()
 2 SYSTEMPATH\CodeIgniter.php(941): App\Controllers\User->create()
 3 SYSTEMPATH\CodeIgniter.php(502): CodeIgniter\CodeIgniter->runController(Object(App\Controllers\User))
 4 SYSTEMPATH\CodeIgniter.php(361): CodeIgniter\CodeIgniter->handleRequest(null, Object(Config\Cache), false)
 5 FCPATH\index.php(87): CodeIgniter\CodeIgniter->run()
CRITICAL - 2024-02-27 07:10:37 --> ErrorException: Array to string conversion
in APPPATH\Controllers\User.php on line 191.
 1 APPPATH\Controllers\User.php(191): CodeIgniter\Debug\Exceptions->errorHandler(2, 'Array to string conversion', 'C:\\xampp\\htdocs\\CI\\app\\Controllers\\User.php', 191)
 2 SYSTEMPATH\CodeIgniter.php(941): App\Controllers\User->create()
 3 SYSTEMPATH\CodeIgniter.php(502): CodeIgniter\CodeIgniter->runController(Object(App\Controllers\User))
 4 SYSTEMPATH\CodeIgniter.php(361): CodeIgniter\CodeIgniter->handleRequest(null, Object(Config\Cache), false)
 5 FCPATH\index.php(87): CodeIgniter\CodeIgniter->run()
ERROR - 2024-02-27 08:42:56 --> mysqli_sql_exception: Operand should contain 1 column(s) in C:\xampp\htdocs\CI\system\Database\MySQLi\Connection.php:306
Stack trace:
#0 C:\xampp\htdocs\CI\system\Database\MySQLi\Connection.php(306): mysqli->query('INSERT INTO `us...', 0)
#1 C:\xampp\htdocs\CI\system\Database\BaseConnection.php(693): CodeIgniter\Database\MySQLi\Connection->execute('INSERT INTO `us...')
#2 C:\xampp\htdocs\CI\system\Database\BaseConnection.php(607): CodeIgniter\Database\BaseConnection->simpleQuery('INSERT INTO `us...')
#3 C:\xampp\htdocs\CI\system\Database\BaseBuilder.php(2307): CodeIgniter\Database\BaseConnection->query('INSERT INTO `us...', Array, false)
#4 C:\xampp\htdocs\CI\app\Models\CommonModel.php(12): CodeIgniter\Database\BaseBuilder->insert(Array)
#5 C:\xampp\htdocs\CI\app\Controllers\User.php(210): App\Models\CommonModel->insertValue('users', Array)
#6 C:\xampp\htdocs\CI\system\CodeIgniter.php(941): App\Controllers\User->create()
#7 C:\xampp\htdocs\CI\system\CodeIgniter.php(502): CodeIgniter\CodeIgniter->runController(Object(App\Controllers\User))
#8 C:\xampp\htdocs\CI\system\CodeIgniter.php(361): CodeIgniter\CodeIgniter->handleRequest(NULL, Object(Config\Cache), false)
#9 C:\xampp\htdocs\CI\public\index.php(87): CodeIgniter\CodeIgniter->run()
#10 {main}
CRITICAL - 2024-02-27 08:42:56 --> CodeIgniter\Database\Exceptions\DatabaseException: Operand should contain 1 column(s)
in SYSTEMPATH\Database\BaseConnection.php on line 647.
 1 SYSTEMPATH\Database\BaseBuilder.php(2307): CodeIgniter\Database\BaseConnection->query('INSERT INTO `users` (`name`, `phone_no`, `role`, `profile_photo`, `city`, `address`, `near_by`, `nagar`, `age`, `accupation`, `shaka_nagar`, `basti`, `shakha`, `vibhag`, `daitva`, `created_at`) VALUES (:name:, :phone_no:, :role:, :profile_photo:, :city:, :address:, :near_by:, :nagar:, :age:, :accupation:, :shaka_nagar:, :basti:, :shakha:, :vibhag:, :daitva:, :created_at:)', [...], false)
 2 APPPATH\Models\CommonModel.php(12): CodeIgniter\Database\BaseBuilder->insert([...])
 3 APPPATH\Controllers\User.php(210): App\Models\CommonModel->insertValue('users', [...])
 4 SYSTEMPATH\CodeIgniter.php(941): App\Controllers\User->create()
 5 SYSTEMPATH\CodeIgniter.php(502): CodeIgniter\CodeIgniter->runController(Object(App\Controllers\User))
 6 SYSTEMPATH\CodeIgniter.php(361): CodeIgniter\CodeIgniter->handleRequest(null, Object(Config\Cache), false)
 7 FCPATH\index.php(87): CodeIgniter\CodeIgniter->run()
CRITICAL - 2024-02-27 08:42:56 --> [Caused by] CodeIgniter\Database\Exceptions\DatabaseException: Operand should contain 1 column(s)
in SYSTEMPATH\Database\MySQLi\Connection.php on line 311.
 1 SYSTEMPATH\Database\BaseConnection.php(693): CodeIgniter\Database\MySQLi\Connection->execute('INSERT INTO `users` (`name`, `phone_no`, `role`, `profile_photo`, `city`, `address`, `near_by`, `nagar`, `age`, `accupation`, `shaka_nagar`, `basti`, `shakha`, `vibhag`, `daitva`, `created_at`) VALUES (\'kunal saini\', \'6261941674\', NULL, (\'success\',\'http://localhost:8080/uploads/65dda0901c708_image 2.jpeg\'), \'ujjain\', \'shri raam colony\', \'patel nagar\', \'mahesh nagar\', \'26\', \'naukri\', \'mahesh nagar\', \'shri raam colony\', \'colony shaka\', \'shir raam colony\', \'shri raam colony\', \'24-02-27 08:42:56\')')
 2 SYSTEMPATH\Database\BaseConnection.php(607): CodeIgniter\Database\BaseConnection->simpleQuery('INSERT INTO `users` (`name`, `phone_no`, `role`, `profile_photo`, `city`, `address`, `near_by`, `nagar`, `age`, `accupation`, `shaka_nagar`, `basti`, `shakha`, `vibhag`, `daitva`, `created_at`) VALUES (\'kunal saini\', \'6261941674\', NULL, (\'success\',\'http://localhost:8080/uploads/65dda0901c708_image 2.jpeg\'), \'ujjain\', \'shri raam colony\', \'patel nagar\', \'mahesh nagar\', \'26\', \'naukri\', \'mahesh nagar\', \'shri raam colony\', \'colony shaka\', \'shir raam colony\', \'shri raam colony\', \'24-02-27 08:42:56\')')
 3 SYSTEMPATH\Database\BaseBuilder.php(2307): CodeIgniter\Database\BaseConnection->query('INSERT INTO `users` (`name`, `phone_no`, `role`, `profile_photo`, `city`, `address`, `near_by`, `nagar`, `age`, `accupation`, `shaka_nagar`, `basti`, `shakha`, `vibhag`, `daitva`, `created_at`) VALUES (:name:, :phone_no:, :role:, :profile_photo:, :city:, :address:, :near_by:, :nagar:, :age:, :accupation:, :shaka_nagar:, :basti:, :shakha:, :vibhag:, :daitva:, :created_at:)', [...], false)
 4 APPPATH\Models\CommonModel.php(12): CodeIgniter\Database\BaseBuilder->insert([...])
 5 APPPATH\Controllers\User.php(210): App\Models\CommonModel->insertValue('users', [...])
 6 SYSTEMPATH\CodeIgniter.php(941): App\Controllers\User->create()
 7 SYSTEMPATH\CodeIgniter.php(502): CodeIgniter\CodeIgniter->runController(Object(App\Controllers\User))
 8 SYSTEMPATH\CodeIgniter.php(361): CodeIgniter\CodeIgniter->handleRequest(null, Object(Config\Cache), false)
 9 FCPATH\index.php(87): CodeIgniter\CodeIgniter->run()
CRITICAL - 2024-02-27 08:42:56 --> [Caused by] mysqli_sql_exception: Operand should contain 1 column(s)
in SYSTEMPATH\Database\MySQLi\Connection.php on line 306.
 1 SYSTEMPATH\Database\MySQLi\Connection.php(306): mysqli->query('INSERT INTO `users` (`name`, `phone_no`, `role`, `profile_photo`, `city`, `address`, `near_by`, `nagar`, `age`, `accupation`, `shaka_nagar`, `basti`, `shakha`, `vibhag`, `daitva`, `created_at`) VALUES (\'kunal saini\', \'6261941674\', NULL, (\'success\',\'http://localhost:8080/uploads/65dda0901c708_image 2.jpeg\'), \'ujjain\', \'shri raam colony\', \'patel nagar\', \'mahesh nagar\', \'26\', \'naukri\', \'mahesh nagar\', \'shri raam colony\', \'colony shaka\', \'shir raam colony\', \'shri raam colony\', \'24-02-27 08:42:56\')', 0)
 2 SYSTEMPATH\Database\BaseConnection.php(693): CodeIgniter\Database\MySQLi\Connection->execute('INSERT INTO `users` (`name`, `phone_no`, `role`, `profile_photo`, `city`, `address`, `near_by`, `nagar`, `age`, `accupation`, `shaka_nagar`, `basti`, `shakha`, `vibhag`, `daitva`, `created_at`) VALUES (\'kunal saini\', \'6261941674\', NULL, (\'success\',\'http://localhost:8080/uploads/65dda0901c708_image 2.jpeg\'), \'ujjain\', \'shri raam colony\', \'patel nagar\', \'mahesh nagar\', \'26\', \'naukri\', \'mahesh nagar\', \'shri raam colony\', \'colony shaka\', \'shir raam colony\', \'shri raam colony\', \'24-02-27 08:42:56\')')
 3 SYSTEMPATH\Database\BaseConnection.php(607): CodeIgniter\Database\BaseConnection->simpleQuery('INSERT INTO `users` (`name`, `phone_no`, `role`, `profile_photo`, `city`, `address`, `near_by`, `nagar`, `age`, `accupation`, `shaka_nagar`, `basti`, `shakha`, `vibhag`, `daitva`, `created_at`) VALUES (\'kunal saini\', \'6261941674\', NULL, (\'success\',\'http://localhost:8080/uploads/65dda0901c708_image 2.jpeg\'), \'ujjain\', \'shri raam colony\', \'patel nagar\', \'mahesh nagar\', \'26\', \'naukri\', \'mahesh nagar\', \'shri raam colony\', \'colony shaka\', \'shir raam colony\', \'shri raam colony\', \'24-02-27 08:42:56\')')
 4 SYSTEMPATH\Database\BaseBuilder.php(2307): CodeIgniter\Database\BaseConnection->query('INSERT INTO `users` (`name`, `phone_no`, `role`, `profile_photo`, `city`, `address`, `near_by`, `nagar`, `age`, `accupation`, `shaka_nagar`, `basti`, `shakha`, `vibhag`, `daitva`, `created_at`) VALUES (:name:, :phone_no:, :role:, :profile_photo:, :city:, :address:, :near_by:, :nagar:, :age:, :accupation:, :shaka_nagar:, :basti:, :shakha:, :vibhag:, :daitva:, :created_at:)', [...], false)
 5 APPPATH\Models\CommonModel.php(12): CodeIgniter\Database\BaseBuilder->insert([...])
 6 APPPATH\Controllers\User.php(210): App\Models\CommonModel->insertValue('users', [...])
 7 SYSTEMPATH\CodeIgniter.php(941): App\Controllers\User->create()
 8 SYSTEMPATH\CodeIgniter.php(502): CodeIgniter\CodeIgniter->runController(Object(App\Controllers\User))
 9 SYSTEMPATH\CodeIgniter.php(361): CodeIgniter\CodeIgniter->handleRequest(null, Object(Config\Cache), false)
10 FCPATH\index.php(87): CodeIgniter\CodeIgniter->run()
ERROR - 2024-02-27 09:23:30 --> mysqli_sql_exception: Operand should contain 1 column(s) in C:\xampp\htdocs\CI\system\Database\MySQLi\Connection.php:306
Stack trace:
#0 C:\xampp\htdocs\CI\system\Database\MySQLi\Connection.php(306): mysqli->query('INSERT INTO `us...', 0)
#1 C:\xampp\htdocs\CI\system\Database\BaseConnection.php(693): CodeIgniter\Database\MySQLi\Connection->execute('INSERT INTO `us...')
#2 C:\xampp\htdocs\CI\system\Database\BaseConnection.php(607): CodeIgniter\Database\BaseConnection->simpleQuery('INSERT INTO `us...')
#3 C:\xampp\htdocs\CI\system\Database\BaseBuilder.php(2307): CodeIgniter\Database\BaseConnection->query('INSERT INTO `us...', Array, false)
#4 C:\xampp\htdocs\CI\app\Models\CommonModel.php(12): CodeIgniter\Database\BaseBuilder->insert(Array)
#5 C:\xampp\htdocs\CI\app\Controllers\User.php(210): App\Models\CommonModel->insertValue('users', Array)
#6 C:\xampp\htdocs\CI\system\CodeIgniter.php(941): App\Controllers\User->create()
#7 C:\xampp\htdocs\CI\system\CodeIgniter.php(502): CodeIgniter\CodeIgniter->runController(Object(App\Controllers\User))
#8 C:\xampp\htdocs\CI\system\CodeIgniter.php(361): CodeIgniter\CodeIgniter->handleRequest(NULL, Object(Config\Cache), false)
#9 C:\xampp\htdocs\CI\public\index.php(87): CodeIgniter\CodeIgniter->run()
#10 {main}
CRITICAL - 2024-02-27 09:23:30 --> CodeIgniter\Database\Exceptions\DatabaseException: Operand should contain 1 column(s)
in SYSTEMPATH\Database\BaseConnection.php on line 647.
 1 SYSTEMPATH\Database\BaseBuilder.php(2307): CodeIgniter\Database\BaseConnection->query('INSERT INTO `users` (`name`, `phone_no`, `role`, `profile_photo`, `city`, `address`, `near_by`, `nagar`, `age`, `accupation`, `shaka_nagar`, `basti`, `shakha`, `vibhag`, `daitva`, `created_at`) VALUES (:name:, :phone_no:, :role:, :profile_photo:, :city:, :address:, :near_by:, :nagar:, :age:, :accupation:, :shaka_nagar:, :basti:, :shakha:, :vibhag:, :daitva:, :created_at:)', [...], false)
 2 APPPATH\Models\CommonModel.php(12): CodeIgniter\Database\BaseBuilder->insert([...])
 3 APPPATH\Controllers\User.php(210): App\Models\CommonModel->insertValue('users', [...])
 4 SYSTEMPATH\CodeIgniter.php(941): App\Controllers\User->create()
 5 SYSTEMPATH\CodeIgniter.php(502): CodeIgniter\CodeIgniter->runController(Object(App\Controllers\User))
 6 SYSTEMPATH\CodeIgniter.php(361): CodeIgniter\CodeIgniter->handleRequest(null, Object(Config\Cache), false)
 7 FCPATH\index.php(87): CodeIgniter\CodeIgniter->run()
CRITICAL - 2024-02-27 09:23:30 --> [Caused by] CodeIgniter\Database\Exceptions\DatabaseException: Operand should contain 1 column(s)
in SYSTEMPATH\Database\MySQLi\Connection.php on line 311.
 1 SYSTEMPATH\Database\BaseConnection.php(693): CodeIgniter\Database\MySQLi\Connection->execute('INSERT INTO `users` (`name`, `phone_no`, `role`, `profile_photo`, `city`, `address`, `near_by`, `nagar`, `age`, `accupation`, `shaka_nagar`, `basti`, `shakha`, `vibhag`, `daitva`, `created_at`) VALUES (\'kunal saini\', \'6261941674\', NULL, (\'success\',\'http://localhost:8080/uploads/65ddaa1228e4c_image 2.png\'), \'ujjain\', \'shri raam colony\', \'patel nagar\', \'mahesh nagar\', \'26\', \'naukri\', \'mahesh nagar\', \'shri raam colony\', \'colony shaka\', \'shir raam colony\', \'shri raam colony\', \'24-02-27 09:23:30\')')
 2 SYSTEMPATH\Database\BaseConnection.php(607): CodeIgniter\Database\BaseConnection->simpleQuery('INSERT INTO `users` (`name`, `phone_no`, `role`, `profile_photo`, `city`, `address`, `near_by`, `nagar`, `age`, `accupation`, `shaka_nagar`, `basti`, `shakha`, `vibhag`, `daitva`, `created_at`) VALUES (\'kunal saini\', \'6261941674\', NULL, (\'success\',\'http://localhost:8080/uploads/65ddaa1228e4c_image 2.png\'), \'ujjain\', \'shri raam colony\', \'patel nagar\', \'mahesh nagar\', \'26\', \'naukri\', \'mahesh nagar\', \'shri raam colony\', \'colony shaka\', \'shir raam colony\', \'shri raam colony\', \'24-02-27 09:23:30\')')
 3 SYSTEMPATH\Database\BaseBuilder.php(2307): CodeIgniter\Database\BaseConnection->query('INSERT INTO `users` (`name`, `phone_no`, `role`, `profile_photo`, `city`, `address`, `near_by`, `nagar`, `age`, `accupation`, `shaka_nagar`, `basti`, `shakha`, `vibhag`, `daitva`, `created_at`) VALUES (:name:, :phone_no:, :role:, :profile_photo:, :city:, :address:, :near_by:, :nagar:, :age:, :accupation:, :shaka_nagar:, :basti:, :shakha:, :vibhag:, :daitva:, :created_at:)', [...], false)
 4 APPPATH\Models\CommonModel.php(12): CodeIgniter\Database\BaseBuilder->insert([...])
 5 APPPATH\Controllers\User.php(210): App\Models\CommonModel->insertValue('users', [...])
 6 SYSTEMPATH\CodeIgniter.php(941): App\Controllers\User->create()
 7 SYSTEMPATH\CodeIgniter.php(502): CodeIgniter\CodeIgniter->runController(Object(App\Controllers\User))
 8 SYSTEMPATH\CodeIgniter.php(361): CodeIgniter\CodeIgniter->handleRequest(null, Object(Config\Cache), false)
 9 FCPATH\index.php(87): CodeIgniter\CodeIgniter->run()
CRITICAL - 2024-02-27 09:23:30 --> [Caused by] mysqli_sql_exception: Operand should contain 1 column(s)
in SYSTEMPATH\Database\MySQLi\Connection.php on line 306.
 1 SYSTEMPATH\Database\MySQLi\Connection.php(306): mysqli->query('INSERT INTO `users` (`name`, `phone_no`, `role`, `profile_photo`, `city`, `address`, `near_by`, `nagar`, `age`, `accupation`, `shaka_nagar`, `basti`, `shakha`, `vibhag`, `daitva`, `created_at`) VALUES (\'kunal saini\', \'6261941674\', NULL, (\'success\',\'http://localhost:8080/uploads/65ddaa1228e4c_image 2.png\'), \'ujjain\', \'shri raam colony\', \'patel nagar\', \'mahesh nagar\', \'26\', \'naukri\', \'mahesh nagar\', \'shri raam colony\', \'colony shaka\', \'shir raam colony\', \'shri raam colony\', \'24-02-27 09:23:30\')', 0)
 2 SYSTEMPATH\Database\BaseConnection.php(693): CodeIgniter\Database\MySQLi\Connection->execute('INSERT INTO `users` (`name`, `phone_no`, `role`, `profile_photo`, `city`, `address`, `near_by`, `nagar`, `age`, `accupation`, `shaka_nagar`, `basti`, `shakha`, `vibhag`, `daitva`, `created_at`) VALUES (\'kunal saini\', \'6261941674\', NULL, (\'success\',\'http://localhost:8080/uploads/65ddaa1228e4c_image 2.png\'), \'ujjain\', \'shri raam colony\', \'patel nagar\', \'mahesh nagar\', \'26\', \'naukri\', \'mahesh nagar\', \'shri raam colony\', \'colony shaka\', \'shir raam colony\', \'shri raam colony\', \'24-02-27 09:23:30\')')
 3 SYSTEMPATH\Database\BaseConnection.php(607): CodeIgniter\Database\BaseConnection->simpleQuery('INSERT INTO `users` (`name`, `phone_no`, `role`, `profile_photo`, `city`, `address`, `near_by`, `nagar`, `age`, `accupation`, `shaka_nagar`, `basti`, `shakha`, `vibhag`, `daitva`, `created_at`) VALUES (\'kunal saini\', \'6261941674\', NULL, (\'success\',\'http://localhost:8080/uploads/65ddaa1228e4c_image 2.png\'), \'ujjain\', \'shri raam colony\', \'patel nagar\', \'mahesh nagar\', \'26\', \'naukri\', \'mahesh nagar\', \'shri raam colony\', \'colony shaka\', \'shir raam colony\', \'shri raam colony\', \'24-02-27 09:23:30\')')
 4 SYSTEMPATH\Database\BaseBuilder.php(2307): CodeIgniter\Database\BaseConnection->query('INSERT INTO `users` (`name`, `phone_no`, `role`, `profile_photo`, `city`, `address`, `near_by`, `nagar`, `age`, `accupation`, `shaka_nagar`, `basti`, `shakha`, `vibhag`, `daitva`, `created_at`) VALUES (:name:, :phone_no:, :role:, :profile_photo:, :city:, :address:, :near_by:, :nagar:, :age:, :accupation:, :shaka_nagar:, :basti:, :shakha:, :vibhag:, :daitva:, :created_at:)', [...], false)
 5 APPPATH\Models\CommonModel.php(12): CodeIgniter\Database\BaseBuilder->insert([...])
 6 APPPATH\Controllers\User.php(210): App\Models\CommonModel->insertValue('users', [...])
 7 SYSTEMPATH\CodeIgniter.php(941): App\Controllers\User->create()
 8 SYSTEMPATH\CodeIgniter.php(502): CodeIgniter\CodeIgniter->runController(Object(App\Controllers\User))
 9 SYSTEMPATH\CodeIgniter.php(361): CodeIgniter\CodeIgniter->handleRequest(null, Object(Config\Cache), false)
10 FCPATH\index.php(87): CodeIgniter\CodeIgniter->run()
ERROR - 2024-02-27 09:27:19 --> mysqli_sql_exception: Operand should contain 1 column(s) in C:\xampp\htdocs\CI\system\Database\MySQLi\Connection.php:306
Stack trace:
#0 C:\xampp\htdocs\CI\system\Database\MySQLi\Connection.php(306): mysqli->query('INSERT INTO `us...', 0)
#1 C:\xampp\htdocs\CI\system\Database\BaseConnection.php(693): CodeIgniter\Database\MySQLi\Connection->execute('INSERT INTO `us...')
#2 C:\xampp\htdocs\CI\system\Database\BaseConnection.php(607): CodeIgniter\Database\BaseConnection->simpleQuery('INSERT INTO `us...')
#3 C:\xampp\htdocs\CI\system\Database\BaseBuilder.php(2307): CodeIgniter\Database\BaseConnection->query('INSERT INTO `us...', Array, false)
#4 C:\xampp\htdocs\CI\app\Models\CommonModel.php(12): CodeIgniter\Database\BaseBuilder->insert(Array)
#5 C:\xampp\htdocs\CI\app\Controllers\User.php(210): App\Models\CommonModel->insertValue('users', Array)
#6 C:\xampp\htdocs\CI\system\CodeIgniter.php(941): App\Controllers\User->create()
#7 C:\xampp\htdocs\CI\system\CodeIgniter.php(502): CodeIgniter\CodeIgniter->runController(Object(App\Controllers\User))
#8 C:\xampp\htdocs\CI\system\CodeIgniter.php(361): CodeIgniter\CodeIgniter->handleRequest(NULL, Object(Config\Cache), false)
#9 C:\xampp\htdocs\CI\public\index.php(87): CodeIgniter\CodeIgniter->run()
#10 {main}
CRITICAL - 2024-02-27 09:27:19 --> CodeIgniter\Database\Exceptions\DatabaseException: Operand should contain 1 column(s)
in SYSTEMPATH\Database\BaseConnection.php on line 647.
 1 SYSTEMPATH\Database\BaseBuilder.php(2307): CodeIgniter\Database\BaseConnection->query('INSERT INTO `users` (`name`, `phone_no`, `role`, `profile_photo`, `city`, `address`, `near_by`, `nagar`, `age`, `accupation`, `shaka_nagar`, `basti`, `shakha`, `vibhag`, `daitva`, `created_at`) VALUES (:name:, :phone_no:, :role:, :profile_photo:, :city:, :address:, :near_by:, :nagar:, :age:, :accupation:, :shaka_nagar:, :basti:, :shakha:, :vibhag:, :daitva:, :created_at:)', [...], false)
 2 APPPATH\Models\CommonModel.php(12): CodeIgniter\Database\BaseBuilder->insert([...])
 3 APPPATH\Controllers\User.php(210): App\Models\CommonModel->insertValue('users', [...])
 4 SYSTEMPATH\CodeIgniter.php(941): App\Controllers\User->create()
 5 SYSTEMPATH\CodeIgniter.php(502): CodeIgniter\CodeIgniter->runController(Object(App\Controllers\User))
 6 SYSTEMPATH\CodeIgniter.php(361): CodeIgniter\CodeIgniter->handleRequest(null, Object(Config\Cache), false)
 7 FCPATH\index.php(87): CodeIgniter\CodeIgniter->run()
CRITICAL - 2024-02-27 09:27:19 --> [Caused by] CodeIgniter\Database\Exceptions\DatabaseException: Operand should contain 1 column(s)
in SYSTEMPATH\Database\MySQLi\Connection.php on line 311.
 1 SYSTEMPATH\Database\BaseConnection.php(693): CodeIgniter\Database\MySQLi\Connection->execute('INSERT INTO `users` (`name`, `phone_no`, `role`, `profile_photo`, `city`, `address`, `near_by`, `nagar`, `age`, `accupation`, `shaka_nagar`, `basti`, `shakha`, `vibhag`, `daitva`, `created_at`) VALUES (\'kunal saini\', \'6261941674\', \'role\', (\'success\',\'http://localhost:8080/uploads/65ddaaf727cfc_image 2.png\'), \'ujjain\', \'shri raam colony\', \'patel nagar\', \'mahesh nagar\', \'26\', \'naukri\', \'mahesh nagar\', \'shri raam colony\', \'colony shaka\', \'shir raam colony\', \'shri raam colony\', \'24-02-27 09:27:19\')')
 2 SYSTEMPATH\Database\BaseConnection.php(607): CodeIgniter\Database\BaseConnection->simpleQuery('INSERT INTO `users` (`name`, `phone_no`, `role`, `profile_photo`, `city`, `address`, `near_by`, `nagar`, `age`, `accupation`, `shaka_nagar`, `basti`, `shakha`, `vibhag`, `daitva`, `created_at`) VALUES (\'kunal saini\', \'6261941674\', \'role\', (\'success\',\'http://localhost:8080/uploads/65ddaaf727cfc_image 2.png\'), \'ujjain\', \'shri raam colony\', \'patel nagar\', \'mahesh nagar\', \'26\', \'naukri\', \'mahesh nagar\', \'shri raam colony\', \'colony shaka\', \'shir raam colony\', \'shri raam colony\', \'24-02-27 09:27:19\')')
 3 SYSTEMPATH\Database\BaseBuilder.php(2307): CodeIgniter\Database\BaseConnection->query('INSERT INTO `users` (`name`, `phone_no`, `role`, `profile_photo`, `city`, `address`, `near_by`, `nagar`, `age`, `accupation`, `shaka_nagar`, `basti`, `shakha`, `vibhag`, `daitva`, `created_at`) VALUES (:name:, :phone_no:, :role:, :profile_photo:, :city:, :address:, :near_by:, :nagar:, :age:, :accupation:, :shaka_nagar:, :basti:, :shakha:, :vibhag:, :daitva:, :created_at:)', [...], false)
 4 APPPATH\Models\CommonModel.php(12): CodeIgniter\Database\BaseBuilder->insert([...])
 5 APPPATH\Controllers\User.php(210): App\Models\CommonModel->insertValue('users', [...])
 6 SYSTEMPATH\CodeIgniter.php(941): App\Controllers\User->create()
 7 SYSTEMPATH\CodeIgniter.php(502): CodeIgniter\CodeIgniter->runController(Object(App\Controllers\User))
 8 SYSTEMPATH\CodeIgniter.php(361): CodeIgniter\CodeIgniter->handleRequest(null, Object(Config\Cache), false)
 9 FCPATH\index.php(87): CodeIgniter\CodeIgniter->run()
CRITICAL - 2024-02-27 09:27:19 --> [Caused by] mysqli_sql_exception: Operand should contain 1 column(s)
in SYSTEMPATH\Database\MySQLi\Connection.php on line 306.
 1 SYSTEMPATH\Database\MySQLi\Connection.php(306): mysqli->query('INSERT INTO `users` (`name`, `phone_no`, `role`, `profile_photo`, `city`, `address`, `near_by`, `nagar`, `age`, `accupation`, `shaka_nagar`, `basti`, `shakha`, `vibhag`, `daitva`, `created_at`) VALUES (\'kunal saini\', \'6261941674\', \'role\', (\'success\',\'http://localhost:8080/uploads/65ddaaf727cfc_image 2.png\'), \'ujjain\', \'shri raam colony\', \'patel nagar\', \'mahesh nagar\', \'26\', \'naukri\', \'mahesh nagar\', \'shri raam colony\', \'colony shaka\', \'shir raam colony\', \'shri raam colony\', \'24-02-27 09:27:19\')', 0)
 2 SYSTEMPATH\Database\BaseConnection.php(693): CodeIgniter\Database\MySQLi\Connection->execute('INSERT INTO `users` (`name`, `phone_no`, `role`, `profile_photo`, `city`, `address`, `near_by`, `nagar`, `age`, `accupation`, `shaka_nagar`, `basti`, `shakha`, `vibhag`, `daitva`, `created_at`) VALUES (\'kunal saini\', \'6261941674\', \'role\', (\'success\',\'http://localhost:8080/uploads/65ddaaf727cfc_image 2.png\'), \'ujjain\', \'shri raam colony\', \'patel nagar\', \'mahesh nagar\', \'26\', \'naukri\', \'mahesh nagar\', \'shri raam colony\', \'colony shaka\', \'shir raam colony\', \'shri raam colony\', \'24-02-27 09:27:19\')')
 3 SYSTEMPATH\Database\BaseConnection.php(607): CodeIgniter\Database\BaseConnection->simpleQuery('INSERT INTO `users` (`name`, `phone_no`, `role`, `profile_photo`, `city`, `address`, `near_by`, `nagar`, `age`, `accupation`, `shaka_nagar`, `basti`, `shakha`, `vibhag`, `daitva`, `created_at`) VALUES (\'kunal saini\', \'6261941674\', \'role\', (\'success\',\'http://localhost:8080/uploads/65ddaaf727cfc_image 2.png\'), \'ujjain\', \'shri raam colony\', \'patel nagar\', \'mahesh nagar\', \'26\', \'naukri\', \'mahesh nagar\', \'shri raam colony\', \'colony shaka\', \'shir raam colony\', \'shri raam colony\', \'24-02-27 09:27:19\')')
 4 SYSTEMPATH\Database\BaseBuilder.php(2307): CodeIgniter\Database\BaseConnection->query('INSERT INTO `users` (`name`, `phone_no`, `role`, `profile_photo`, `city`, `address`, `near_by`, `nagar`, `age`, `accupation`, `shaka_nagar`, `basti`, `shakha`, `vibhag`, `daitva`, `created_at`) VALUES (:name:, :phone_no:, :role:, :profile_photo:, :city:, :address:, :near_by:, :nagar:, :age:, :accupation:, :shaka_nagar:, :basti:, :shakha:, :vibhag:, :daitva:, :created_at:)', [...], false)
 5 APPPATH\Models\CommonModel.php(12): CodeIgniter\Database\BaseBuilder->insert([...])
 6 APPPATH\Controllers\User.php(210): App\Models\CommonModel->insertValue('users', [...])
 7 SYSTEMPATH\CodeIgniter.php(941): App\Controllers\User->create()
 8 SYSTEMPATH\CodeIgniter.php(502): CodeIgniter\CodeIgniter->runController(Object(App\Controllers\User))
 9 SYSTEMPATH\CodeIgniter.php(361): CodeIgniter\CodeIgniter->handleRequest(null, Object(Config\Cache), false)
10 FCPATH\index.php(87): CodeIgniter\CodeIgniter->run()
ERROR - 2024-02-27 10:26:22 --> mysqli_sql_exception: Operand should contain 1 column(s) in C:\xampp\htdocs\CI\system\Database\MySQLi\Connection.php:306
Stack trace:
#0 C:\xampp\htdocs\CI\system\Database\MySQLi\Connection.php(306): mysqli->query('INSERT INTO `us...', 0)
#1 C:\xampp\htdocs\CI\system\Database\BaseConnection.php(693): CodeIgniter\Database\MySQLi\Connection->execute('INSERT INTO `us...')
#2 C:\xampp\htdocs\CI\system\Database\BaseConnection.php(607): CodeIgniter\Database\BaseConnection->simpleQuery('INSERT INTO `us...')
#3 C:\xampp\htdocs\CI\system\Database\BaseBuilder.php(2307): CodeIgniter\Database\BaseConnection->query('INSERT INTO `us...', Array, false)
#4 C:\xampp\htdocs\CI\app\Models\CommonModel.php(12): CodeIgniter\Database\BaseBuilder->insert(Array)
#5 C:\xampp\htdocs\CI\app\Controllers\User.php(210): App\Models\CommonModel->insertValue('users', Array)
#6 C:\xampp\htdocs\CI\system\CodeIgniter.php(941): App\Controllers\User->create()
#7 C:\xampp\htdocs\CI\system\CodeIgniter.php(502): CodeIgniter\CodeIgniter->runController(Object(App\Controllers\User))
#8 C:\xampp\htdocs\CI\system\CodeIgniter.php(361): CodeIgniter\CodeIgniter->handleRequest(NULL, Object(Config\Cache), false)
#9 C:\xampp\htdocs\CI\public\index.php(87): CodeIgniter\CodeIgniter->run()
#10 {main}
CRITICAL - 2024-02-27 10:26:22 --> CodeIgniter\Database\Exceptions\DatabaseException: Operand should contain 1 column(s)
in SYSTEMPATH\Database\BaseConnection.php on line 647.
 1 SYSTEMPATH\Database\BaseBuilder.php(2307): CodeIgniter\Database\BaseConnection->query('INSERT INTO `users` (`name`, `phone_no`, `role`, `profile_photo`, `city`, `address`, `near_by`, `nagar`, `age`, `accupation`, `shaka_nagar`, `basti`, `shaka`, `vibhag`, `daitva`, `created_at`) VALUES (:name:, :phone_no:, :role:, :profile_photo:, :city:, :address:, :near_by:, :nagar:, :age:, :accupation:, :shaka_nagar:, :basti:, :shaka:, :vibhag:, :daitva:, :created_at:)', [...], false)
 2 APPPATH\Models\CommonModel.php(12): CodeIgniter\Database\BaseBuilder->insert([...])
 3 APPPATH\Controllers\User.php(210): App\Models\CommonModel->insertValue('users', [...])
 4 SYSTEMPATH\CodeIgniter.php(941): App\Controllers\User->create()
 5 SYSTEMPATH\CodeIgniter.php(502): CodeIgniter\CodeIgniter->runController(Object(App\Controllers\User))
 6 SYSTEMPATH\CodeIgniter.php(361): CodeIgniter\CodeIgniter->handleRequest(null, Object(Config\Cache), false)
 7 FCPATH\index.php(87): CodeIgniter\CodeIgniter->run()
CRITICAL - 2024-02-27 10:26:22 --> [Caused by] CodeIgniter\Database\Exceptions\DatabaseException: Operand should contain 1 column(s)
in SYSTEMPATH\Database\MySQLi\Connection.php on line 311.
 1 SYSTEMPATH\Database\BaseConnection.php(693): CodeIgniter\Database\MySQLi\Connection->execute('INSERT INTO `users` (`name`, `phone_no`, `role`, `profile_photo`, `city`, `address`, `near_by`, `nagar`, `age`, `accupation`, `shaka_nagar`, `basti`, `shaka`, `vibhag`, `daitva`, `created_at`) VALUES (\'kunal saini\', \'6261941674\', \'role\', (\'success\',\'http://localhost:8080/uploads/65ddb8ce15973_image 2.png\'), \'ujjain\', \'shri raam colony\', \'patel nagar\', \'mahesh nagar\', \'26\', \'naukri\', \'mahesh nagar\', \'shri raam colony\', NULL, \'shir raam colony\', \'shri raam colony\', \'24-02-27 10:26:22\')')
 2 SYSTEMPATH\Database\BaseConnection.php(607): CodeIgniter\Database\BaseConnection->simpleQuery('INSERT INTO `users` (`name`, `phone_no`, `role`, `profile_photo`, `city`, `address`, `near_by`, `nagar`, `age`, `accupation`, `shaka_nagar`, `basti`, `shaka`, `vibhag`, `daitva`, `created_at`) VALUES (\'kunal saini\', \'6261941674\', \'role\', (\'success\',\'http://localhost:8080/uploads/65ddb8ce15973_image 2.png\'), \'ujjain\', \'shri raam colony\', \'patel nagar\', \'mahesh nagar\', \'26\', \'naukri\', \'mahesh nagar\', \'shri raam colony\', NULL, \'shir raam colony\', \'shri raam colony\', \'24-02-27 10:26:22\')')
 3 SYSTEMPATH\Database\BaseBuilder.php(2307): CodeIgniter\Database\BaseConnection->query('INSERT INTO `users` (`name`, `phone_no`, `role`, `profile_photo`, `city`, `address`, `near_by`, `nagar`, `age`, `accupation`, `shaka_nagar`, `basti`, `shaka`, `vibhag`, `daitva`, `created_at`) VALUES (:name:, :phone_no:, :role:, :profile_photo:, :city:, :address:, :near_by:, :nagar:, :age:, :accupation:, :shaka_nagar:, :basti:, :shaka:, :vibhag:, :daitva:, :created_at:)', [...], false)
 4 APPPATH\Models\CommonModel.php(12): CodeIgniter\Database\BaseBuilder->insert([...])
 5 APPPATH\Controllers\User.php(210): App\Models\CommonModel->insertValue('users', [...])
 6 SYSTEMPATH\CodeIgniter.php(941): App\Controllers\User->create()
 7 SYSTEMPATH\CodeIgniter.php(502): CodeIgniter\CodeIgniter->runController(Object(App\Controllers\User))
 8 SYSTEMPATH\CodeIgniter.php(361): CodeIgniter\CodeIgniter->handleRequest(null, Object(Config\Cache), false)
 9 FCPATH\index.php(87): CodeIgniter\CodeIgniter->run()
CRITICAL - 2024-02-27 10:26:22 --> [Caused by] mysqli_sql_exception: Operand should contain 1 column(s)
in SYSTEMPATH\Database\MySQLi\Connection.php on line 306.
 1 SYSTEMPATH\Database\MySQLi\Connection.php(306): mysqli->query('INSERT INTO `users` (`name`, `phone_no`, `role`, `profile_photo`, `city`, `address`, `near_by`, `nagar`, `age`, `accupation`, `shaka_nagar`, `basti`, `shaka`, `vibhag`, `daitva`, `created_at`) VALUES (\'kunal saini\', \'6261941674\', \'role\', (\'success\',\'http://localhost:8080/uploads/65ddb8ce15973_image 2.png\'), \'ujjain\', \'shri raam colony\', \'patel nagar\', \'mahesh nagar\', \'26\', \'naukri\', \'mahesh nagar\', \'shri raam colony\', NULL, \'shir raam colony\', \'shri raam colony\', \'24-02-27 10:26:22\')', 0)
 2 SYSTEMPATH\Database\BaseConnection.php(693): CodeIgniter\Database\MySQLi\Connection->execute('INSERT INTO `users` (`name`, `phone_no`, `role`, `profile_photo`, `city`, `address`, `near_by`, `nagar`, `age`, `accupation`, `shaka_nagar`, `basti`, `shaka`, `vibhag`, `daitva`, `created_at`) VALUES (\'kunal saini\', \'6261941674\', \'role\', (\'success\',\'http://localhost:8080/uploads/65ddb8ce15973_image 2.png\'), \'ujjain\', \'shri raam colony\', \'patel nagar\', \'mahesh nagar\', \'26\', \'naukri\', \'mahesh nagar\', \'shri raam colony\', NULL, \'shir raam colony\', \'shri raam colony\', \'24-02-27 10:26:22\')')
 3 SYSTEMPATH\Database\BaseConnection.php(607): CodeIgniter\Database\BaseConnection->simpleQuery('INSERT INTO `users` (`name`, `phone_no`, `role`, `profile_photo`, `city`, `address`, `near_by`, `nagar`, `age`, `accupation`, `shaka_nagar`, `basti`, `shaka`, `vibhag`, `daitva`, `created_at`) VALUES (\'kunal saini\', \'6261941674\', \'role\', (\'success\',\'http://localhost:8080/uploads/65ddb8ce15973_image 2.png\'), \'ujjain\', \'shri raam colony\', \'patel nagar\', \'mahesh nagar\', \'26\', \'naukri\', \'mahesh nagar\', \'shri raam colony\', NULL, \'shir raam colony\', \'shri raam colony\', \'24-02-27 10:26:22\')')
 4 SYSTEMPATH\Database\BaseBuilder.php(2307): CodeIgniter\Database\BaseConnection->query('INSERT INTO `users` (`name`, `phone_no`, `role`, `profile_photo`, `city`, `address`, `near_by`, `nagar`, `age`, `accupation`, `shaka_nagar`, `basti`, `shaka`, `vibhag`, `daitva`, `created_at`) VALUES (:name:, :phone_no:, :role:, :profile_photo:, :city:, :address:, :near_by:, :nagar:, :age:, :accupation:, :shaka_nagar:, :basti:, :shaka:, :vibhag:, :daitva:, :created_at:)', [...], false)
 5 APPPATH\Models\CommonModel.php(12): CodeIgniter\Database\BaseBuilder->insert([...])
 6 APPPATH\Controllers\User.php(210): App\Models\CommonModel->insertValue('users', [...])
 7 SYSTEMPATH\CodeIgniter.php(941): App\Controllers\User->create()
 8 SYSTEMPATH\CodeIgniter.php(502): CodeIgniter\CodeIgniter->runController(Object(App\Controllers\User))
 9 SYSTEMPATH\CodeIgniter.php(361): CodeIgniter\CodeIgniter->handleRequest(null, Object(Config\Cache), false)
10 FCPATH\index.php(87): CodeIgniter\CodeIgniter->run()
ERROR - 2024-02-27 10:28:21 --> mysqli_sql_exception: Operand should contain 1 column(s) in C:\xampp\htdocs\CI\system\Database\MySQLi\Connection.php:306
Stack trace:
#0 C:\xampp\htdocs\CI\system\Database\MySQLi\Connection.php(306): mysqli->query('INSERT INTO `us...', 0)
#1 C:\xampp\htdocs\CI\system\Database\BaseConnection.php(693): CodeIgniter\Database\MySQLi\Connection->execute('INSERT INTO `us...')
#2 C:\xampp\htdocs\CI\system\Database\BaseConnection.php(607): CodeIgniter\Database\BaseConnection->simpleQuery('INSERT INTO `us...')
#3 C:\xampp\htdocs\CI\system\Database\BaseBuilder.php(2307): CodeIgniter\Database\BaseConnection->query('INSERT INTO `us...', Array, false)
#4 C:\xampp\htdocs\CI\app\Models\CommonModel.php(12): CodeIgniter\Database\BaseBuilder->insert(Array)
#5 C:\xampp\htdocs\CI\app\Controllers\User.php(210): App\Models\CommonModel->insertValue('users', Array)
#6 C:\xampp\htdocs\CI\system\CodeIgniter.php(941): App\Controllers\User->create()
#7 C:\xampp\htdocs\CI\system\CodeIgniter.php(502): CodeIgniter\CodeIgniter->runController(Object(App\Controllers\User))
#8 C:\xampp\htdocs\CI\system\CodeIgniter.php(361): CodeIgniter\CodeIgniter->handleRequest(NULL, Object(Config\Cache), false)
#9 C:\xampp\htdocs\CI\public\index.php(87): CodeIgniter\CodeIgniter->run()
#10 {main}
CRITICAL - 2024-02-27 10:28:21 --> CodeIgniter\Database\Exceptions\DatabaseException: Operand should contain 1 column(s)
in SYSTEMPATH\Database\BaseConnection.php on line 647.
 1 SYSTEMPATH\Database\BaseBuilder.php(2307): CodeIgniter\Database\BaseConnection->query('INSERT INTO `users` (`name`, `phone_no`, `role`, `profile_photo`, `city`, `address`, `near_by`, `nagar`, `age`, `accupation`, `shaka_nagar`, `basti`, `shaka`, `vibhag`, `daitva`, `created_at`) VALUES (:name:, :phone_no:, :role:, :profile_photo:, :city:, :address:, :near_by:, :nagar:, :age:, :accupation:, :shaka_nagar:, :basti:, :shaka:, :vibhag:, :daitva:, :created_at:)', [...], false)
 2 APPPATH\Models\CommonModel.php(12): CodeIgniter\Database\BaseBuilder->insert([...])
 3 APPPATH\Controllers\User.php(210): App\Models\CommonModel->insertValue('users', [...])
 4 SYSTEMPATH\CodeIgniter.php(941): App\Controllers\User->create()
 5 SYSTEMPATH\CodeIgniter.php(502): CodeIgniter\CodeIgniter->runController(Object(App\Controllers\User))
 6 SYSTEMPATH\CodeIgniter.php(361): CodeIgniter\CodeIgniter->handleRequest(null, Object(Config\Cache), false)
 7 FCPATH\index.php(87): CodeIgniter\CodeIgniter->run()
CRITICAL - 2024-02-27 10:28:21 --> [Caused by] CodeIgniter\Database\Exceptions\DatabaseException: Operand should contain 1 column(s)
in SYSTEMPATH\Database\MySQLi\Connection.php on line 311.
 1 SYSTEMPATH\Database\BaseConnection.php(693): CodeIgniter\Database\MySQLi\Connection->execute('INSERT INTO `users` (`name`, `phone_no`, `role`, `profile_photo`, `city`, `address`, `near_by`, `nagar`, `age`, `accupation`, `shaka_nagar`, `basti`, `shaka`, `vibhag`, `daitva`, `created_at`) VALUES (\'kunal saini\', \'6261941674\', \'role\', (\'success\',\'http://localhost:8080/uploads/65ddb94515fc2_image 2.png\'), \'ujjain\', \'shri raam colony\', \'patel nagar\', \'mahesh nagar\', \'26\', \'naukri\', \'mahesh nagar\', \'shri raam colony\', NULL, \'shir raam colony\', \'daitva\', \'24-02-27 10:28:21\')')
 2 SYSTEMPATH\Database\BaseConnection.php(607): CodeIgniter\Database\BaseConnection->simpleQuery('INSERT INTO `users` (`name`, `phone_no`, `role`, `profile_photo`, `city`, `address`, `near_by`, `nagar`, `age`, `accupation`, `shaka_nagar`, `basti`, `shaka`, `vibhag`, `daitva`, `created_at`) VALUES (\'kunal saini\', \'6261941674\', \'role\', (\'success\',\'http://localhost:8080/uploads/65ddb94515fc2_image 2.png\'), \'ujjain\', \'shri raam colony\', \'patel nagar\', \'mahesh nagar\', \'26\', \'naukri\', \'mahesh nagar\', \'shri raam colony\', NULL, \'shir raam colony\', \'daitva\', \'24-02-27 10:28:21\')')
 3 SYSTEMPATH\Database\BaseBuilder.php(2307): CodeIgniter\Database\BaseConnection->query('INSERT INTO `users` (`name`, `phone_no`, `role`, `profile_photo`, `city`, `address`, `near_by`, `nagar`, `age`, `accupation`, `shaka_nagar`, `basti`, `shaka`, `vibhag`, `daitva`, `created_at`) VALUES (:name:, :phone_no:, :role:, :profile_photo:, :city:, :address:, :near_by:, :nagar:, :age:, :accupation:, :shaka_nagar:, :basti:, :shaka:, :vibhag:, :daitva:, :created_at:)', [...], false)
 4 APPPATH\Models\CommonModel.php(12): CodeIgniter\Database\BaseBuilder->insert([...])
 5 APPPATH\Controllers\User.php(210): App\Models\CommonModel->insertValue('users', [...])
 6 SYSTEMPATH\CodeIgniter.php(941): App\Controllers\User->create()
 7 SYSTEMPATH\CodeIgniter.php(502): CodeIgniter\CodeIgniter->runController(Object(App\Controllers\User))
 8 SYSTEMPATH\CodeIgniter.php(361): CodeIgniter\CodeIgniter->handleRequest(null, Object(Config\Cache), false)
 9 FCPATH\index.php(87): CodeIgniter\CodeIgniter->run()
CRITICAL - 2024-02-27 10:28:21 --> [Caused by] mysqli_sql_exception: Operand should contain 1 column(s)
in SYSTEMPATH\Database\MySQLi\Connection.php on line 306.
 1 SYSTEMPATH\Database\MySQLi\Connection.php(306): mysqli->query('INSERT INTO `users` (`name`, `phone_no`, `role`, `profile_photo`, `city`, `address`, `near_by`, `nagar`, `age`, `accupation`, `shaka_nagar`, `basti`, `shaka`, `vibhag`, `daitva`, `created_at`) VALUES (\'kunal saini\', \'6261941674\', \'role\', (\'success\',\'http://localhost:8080/uploads/65ddb94515fc2_image 2.png\'), \'ujjain\', \'shri raam colony\', \'patel nagar\', \'mahesh nagar\', \'26\', \'naukri\', \'mahesh nagar\', \'shri raam colony\', NULL, \'shir raam colony\', \'daitva\', \'24-02-27 10:28:21\')', 0)
 2 SYSTEMPATH\Database\BaseConnection.php(693): CodeIgniter\Database\MySQLi\Connection->execute('INSERT INTO `users` (`name`, `phone_no`, `role`, `profile_photo`, `city`, `address`, `near_by`, `nagar`, `age`, `accupation`, `shaka_nagar`, `basti`, `shaka`, `vibhag`, `daitva`, `created_at`) VALUES (\'kunal saini\', \'6261941674\', \'role\', (\'success\',\'http://localhost:8080/uploads/65ddb94515fc2_image 2.png\'), \'ujjain\', \'shri raam colony\', \'patel nagar\', \'mahesh nagar\', \'26\', \'naukri\', \'mahesh nagar\', \'shri raam colony\', NULL, \'shir raam colony\', \'daitva\', \'24-02-27 10:28:21\')')
 3 SYSTEMPATH\Database\BaseConnection.php(607): CodeIgniter\Database\BaseConnection->simpleQuery('INSERT INTO `users` (`name`, `phone_no`, `role`, `profile_photo`, `city`, `address`, `near_by`, `nagar`, `age`, `accupation`, `shaka_nagar`, `basti`, `shaka`, `vibhag`, `daitva`, `created_at`) VALUES (\'kunal saini\', \'6261941674\', \'role\', (\'success\',\'http://localhost:8080/uploads/65ddb94515fc2_image 2.png\'), \'ujjain\', \'shri raam colony\', \'patel nagar\', \'mahesh nagar\', \'26\', \'naukri\', \'mahesh nagar\', \'shri raam colony\', NULL, \'shir raam colony\', \'daitva\', \'24-02-27 10:28:21\')')
 4 SYSTEMPATH\Database\BaseBuilder.php(2307): CodeIgniter\Database\BaseConnection->query('INSERT INTO `users` (`name`, `phone_no`, `role`, `profile_photo`, `city`, `address`, `near_by`, `nagar`, `age`, `accupation`, `shaka_nagar`, `basti`, `shaka`, `vibhag`, `daitva`, `created_at`) VALUES (:name:, :phone_no:, :role:, :profile_photo:, :city:, :address:, :near_by:, :nagar:, :age:, :accupation:, :shaka_nagar:, :basti:, :shaka:, :vibhag:, :daitva:, :created_at:)', [...], false)
 5 APPPATH\Models\CommonModel.php(12): CodeIgniter\Database\BaseBuilder->insert([...])
 6 APPPATH\Controllers\User.php(210): App\Models\CommonModel->insertValue('users', [...])
 7 SYSTEMPATH\CodeIgniter.php(941): App\Controllers\User->create()
 8 SYSTEMPATH\CodeIgniter.php(502): CodeIgniter\CodeIgniter->runController(Object(App\Controllers\User))
 9 SYSTEMPATH\CodeIgniter.php(361): CodeIgniter\CodeIgniter->handleRequest(null, Object(Config\Cache), false)
10 FCPATH\index.php(87): CodeIgniter\CodeIgniter->run()
ERROR - 2024-02-27 10:34:55 --> mysqli_sql_exception: Column 'shaka' cannot be null in C:\xampp\htdocs\CI\system\Database\MySQLi\Connection.php:306
Stack trace:
#0 C:\xampp\htdocs\CI\system\Database\MySQLi\Connection.php(306): mysqli->query('INSERT INTO `us...', 0)
#1 C:\xampp\htdocs\CI\system\Database\BaseConnection.php(693): CodeIgniter\Database\MySQLi\Connection->execute('INSERT INTO `us...')
#2 C:\xampp\htdocs\CI\system\Database\BaseConnection.php(607): CodeIgniter\Database\BaseConnection->simpleQuery('INSERT INTO `us...')
#3 C:\xampp\htdocs\CI\system\Database\BaseBuilder.php(2307): CodeIgniter\Database\BaseConnection->query('INSERT INTO `us...', Array, false)
#4 C:\xampp\htdocs\CI\app\Models\CommonModel.php(12): CodeIgniter\Database\BaseBuilder->insert(Array)
#5 C:\xampp\htdocs\CI\app\Controllers\User.php(210): App\Models\CommonModel->insertValue('users', Array)
#6 C:\xampp\htdocs\CI\system\CodeIgniter.php(941): App\Controllers\User->create()
#7 C:\xampp\htdocs\CI\system\CodeIgniter.php(502): CodeIgniter\CodeIgniter->runController(Object(App\Controllers\User))
#8 C:\xampp\htdocs\CI\system\CodeIgniter.php(361): CodeIgniter\CodeIgniter->handleRequest(NULL, Object(Config\Cache), false)
#9 C:\xampp\htdocs\CI\public\index.php(87): CodeIgniter\CodeIgniter->run()
#10 {main}
CRITICAL - 2024-02-27 10:34:55 --> CodeIgniter\Database\Exceptions\DatabaseException: Column 'shaka' cannot be null
in SYSTEMPATH\Database\BaseConnection.php on line 647.
 1 SYSTEMPATH\Database\BaseBuilder.php(2307): CodeIgniter\Database\BaseConnection->query('INSERT INTO `users` (`name`, `phone_no`, `role`, `profile_photo`, `city`, `address`, `near_by`, `nagar`, `age`, `accupation`, `shaka_nagar`, `basti`, `shaka`, `vibhag`, `daitva`, `created_at`) VALUES (:name:, :phone_no:, :role:, :profile_photo:, :city:, :address:, :near_by:, :nagar:, :age:, :accupation:, :shaka_nagar:, :basti:, :shaka:, :vibhag:, :daitva:, :created_at:)', [...], false)
 2 APPPATH\Models\CommonModel.php(12): CodeIgniter\Database\BaseBuilder->insert([...])
 3 APPPATH\Controllers\User.php(210): App\Models\CommonModel->insertValue('users', [...])
 4 SYSTEMPATH\CodeIgniter.php(941): App\Controllers\User->create()
 5 SYSTEMPATH\CodeIgniter.php(502): CodeIgniter\CodeIgniter->runController(Object(App\Controllers\User))
 6 SYSTEMPATH\CodeIgniter.php(361): CodeIgniter\CodeIgniter->handleRequest(null, Object(Config\Cache), false)
 7 FCPATH\index.php(87): CodeIgniter\CodeIgniter->run()
CRITICAL - 2024-02-27 10:34:55 --> [Caused by] CodeIgniter\Database\Exceptions\DatabaseException: Column 'shaka' cannot be null
in SYSTEMPATH\Database\MySQLi\Connection.php on line 311.
 1 SYSTEMPATH\Database\BaseConnection.php(693): CodeIgniter\Database\MySQLi\Connection->execute('INSERT INTO `users` (`name`, `phone_no`, `role`, `profile_photo`, `city`, `address`, `near_by`, `nagar`, `age`, `accupation`, `shaka_nagar`, `basti`, `shaka`, `vibhag`, `daitva`, `created_at`) VALUES (\'kunal saini\', \'6261941674\', \'role\', \'karan\', \'ujjain\', \'shri raam colony\', \'patel nagar\', \'mahesh nagar\', \'26\', \'naukri\', \'mahesh nagar\', \'shri raam colony\', NULL, \'shir raam colony\', \'daitva\', \'24-02-27 10:34:55\')')
 2 SYSTEMPATH\Database\BaseConnection.php(607): CodeIgniter\Database\BaseConnection->simpleQuery('INSERT INTO `users` (`name`, `phone_no`, `role`, `profile_photo`, `city`, `address`, `near_by`, `nagar`, `age`, `accupation`, `shaka_nagar`, `basti`, `shaka`, `vibhag`, `daitva`, `created_at`) VALUES (\'kunal saini\', \'6261941674\', \'role\', \'karan\', \'ujjain\', \'shri raam colony\', \'patel nagar\', \'mahesh nagar\', \'26\', \'naukri\', \'mahesh nagar\', \'shri raam colony\', NULL, \'shir raam colony\', \'daitva\', \'24-02-27 10:34:55\')')
 3 SYSTEMPATH\Database\BaseBuilder.php(2307): CodeIgniter\Database\BaseConnection->query('INSERT INTO `users` (`name`, `phone_no`, `role`, `profile_photo`, `city`, `address`, `near_by`, `nagar`, `age`, `accupation`, `shaka_nagar`, `basti`, `shaka`, `vibhag`, `daitva`, `created_at`) VALUES (:name:, :phone_no:, :role:, :profile_photo:, :city:, :address:, :near_by:, :nagar:, :age:, :accupation:, :shaka_nagar:, :basti:, :shaka:, :vibhag:, :daitva:, :created_at:)', [...], false)
 4 APPPATH\Models\CommonModel.php(12): CodeIgniter\Database\BaseBuilder->insert([...])
 5 APPPATH\Controllers\User.php(210): App\Models\CommonModel->insertValue('users', [...])
 6 SYSTEMPATH\CodeIgniter.php(941): App\Controllers\User->create()
 7 SYSTEMPATH\CodeIgniter.php(502): CodeIgniter\CodeIgniter->runController(Object(App\Controllers\User))
 8 SYSTEMPATH\CodeIgniter.php(361): CodeIgniter\CodeIgniter->handleRequest(null, Object(Config\Cache), false)
 9 FCPATH\index.php(87): CodeIgniter\CodeIgniter->run()
CRITICAL - 2024-02-27 10:34:55 --> [Caused by] mysqli_sql_exception: Column 'shaka' cannot be null
in SYSTEMPATH\Database\MySQLi\Connection.php on line 306.
 1 SYSTEMPATH\Database\MySQLi\Connection.php(306): mysqli->query('INSERT INTO `users` (`name`, `phone_no`, `role`, `profile_photo`, `city`, `address`, `near_by`, `nagar`, `age`, `accupation`, `shaka_nagar`, `basti`, `shaka`, `vibhag`, `daitva`, `created_at`) VALUES (\'kunal saini\', \'6261941674\', \'role\', \'karan\', \'ujjain\', \'shri raam colony\', \'patel nagar\', \'mahesh nagar\', \'26\', \'naukri\', \'mahesh nagar\', \'shri raam colony\', NULL, \'shir raam colony\', \'daitva\', \'24-02-27 10:34:55\')', 0)
 2 SYSTEMPATH\Database\BaseConnection.php(693): CodeIgniter\Database\MySQLi\Connection->execute('INSERT INTO `users` (`name`, `phone_no`, `role`, `profile_photo`, `city`, `address`, `near_by`, `nagar`, `age`, `accupation`, `shaka_nagar`, `basti`, `shaka`, `vibhag`, `daitva`, `created_at`) VALUES (\'kunal saini\', \'6261941674\', \'role\', \'karan\', \'ujjain\', \'shri raam colony\', \'patel nagar\', \'mahesh nagar\', \'26\', \'naukri\', \'mahesh nagar\', \'shri raam colony\', NULL, \'shir raam colony\', \'daitva\', \'24-02-27 10:34:55\')')
 3 SYSTEMPATH\Database\BaseConnection.php(607): CodeIgniter\Database\BaseConnection->simpleQuery('INSERT INTO `users` (`name`, `phone_no`, `role`, `profile_photo`, `city`, `address`, `near_by`, `nagar`, `age`, `accupation`, `shaka_nagar`, `basti`, `shaka`, `vibhag`, `daitva`, `created_at`) VALUES (\'kunal saini\', \'6261941674\', \'role\', \'karan\', \'ujjain\', \'shri raam colony\', \'patel nagar\', \'mahesh nagar\', \'26\', \'naukri\', \'mahesh nagar\', \'shri raam colony\', NULL, \'shir raam colony\', \'daitva\', \'24-02-27 10:34:55\')')
 4 SYSTEMPATH\Database\BaseBuilder.php(2307): CodeIgniter\Database\BaseConnection->query('INSERT INTO `users` (`name`, `phone_no`, `role`, `profile_photo`, `city`, `address`, `near_by`, `nagar`, `age`, `accupation`, `shaka_nagar`, `basti`, `shaka`, `vibhag`, `daitva`, `created_at`) VALUES (:name:, :phone_no:, :role:, :profile_photo:, :city:, :address:, :near_by:, :nagar:, :age:, :accupation:, :shaka_nagar:, :basti:, :shaka:, :vibhag:, :daitva:, :created_at:)', [...], false)
 5 APPPATH\Models\CommonModel.php(12): CodeIgniter\Database\BaseBuilder->insert([...])
 6 APPPATH\Controllers\User.php(210): App\Models\CommonModel->insertValue('users', [...])
 7 SYSTEMPATH\CodeIgniter.php(941): App\Controllers\User->create()
 8 SYSTEMPATH\CodeIgniter.php(502): CodeIgniter\CodeIgniter->runController(Object(App\Controllers\User))
 9 SYSTEMPATH\CodeIgniter.php(361): CodeIgniter\CodeIgniter->handleRequest(null, Object(Config\Cache), false)
10 FCPATH\index.php(87): CodeIgniter\CodeIgniter->run()
ERROR - 2024-02-27 10:36:45 --> mysqli_sql_exception: Operand should contain 1 column(s) in C:\xampp\htdocs\CI\system\Database\MySQLi\Connection.php:306
Stack trace:
#0 C:\xampp\htdocs\CI\system\Database\MySQLi\Connection.php(306): mysqli->query('INSERT INTO `us...', 0)
#1 C:\xampp\htdocs\CI\system\Database\BaseConnection.php(693): CodeIgniter\Database\MySQLi\Connection->execute('INSERT INTO `us...')
#2 C:\xampp\htdocs\CI\system\Database\BaseConnection.php(607): CodeIgniter\Database\BaseConnection->simpleQuery('INSERT INTO `us...')
#3 C:\xampp\htdocs\CI\system\Database\BaseBuilder.php(2307): CodeIgniter\Database\BaseConnection->query('INSERT INTO `us...', Array, false)
#4 C:\xampp\htdocs\CI\app\Models\CommonModel.php(12): CodeIgniter\Database\BaseBuilder->insert(Array)
#5 C:\xampp\htdocs\CI\app\Controllers\User.php(210): App\Models\CommonModel->insertValue('users', Array)
#6 C:\xampp\htdocs\CI\system\CodeIgniter.php(941): App\Controllers\User->create()
#7 C:\xampp\htdocs\CI\system\CodeIgniter.php(502): CodeIgniter\CodeIgniter->runController(Object(App\Controllers\User))
#8 C:\xampp\htdocs\CI\system\CodeIgniter.php(361): CodeIgniter\CodeIgniter->handleRequest(NULL, Object(Config\Cache), false)
#9 C:\xampp\htdocs\CI\public\index.php(87): CodeIgniter\CodeIgniter->run()
#10 {main}
CRITICAL - 2024-02-27 10:36:45 --> CodeIgniter\Database\Exceptions\DatabaseException: Operand should contain 1 column(s)
in SYSTEMPATH\Database\BaseConnection.php on line 647.
 1 SYSTEMPATH\Database\BaseBuilder.php(2307): CodeIgniter\Database\BaseConnection->query('INSERT INTO `users` (`name`, `phone_no`, `role`, `profile_photo`, `city`, `address`, `near_by`, `nagar`, `age`, `accupation`, `shaka_nagar`, `basti`, `shaka`, `vibhag`, `daitva`, `created_at`) VALUES (:name:, :phone_no:, :role:, :profile_photo:, :city:, :address:, :near_by:, :nagar:, :age:, :accupation:, :shaka_nagar:, :basti:, :shaka:, :vibhag:, :daitva:, :created_at:)', [...], false)
 2 APPPATH\Models\CommonModel.php(12): CodeIgniter\Database\BaseBuilder->insert([...])
 3 APPPATH\Controllers\User.php(210): App\Models\CommonModel->insertValue('users', [...])
 4 SYSTEMPATH\CodeIgniter.php(941): App\Controllers\User->create()
 5 SYSTEMPATH\CodeIgniter.php(502): CodeIgniter\CodeIgniter->runController(Object(App\Controllers\User))
 6 SYSTEMPATH\CodeIgniter.php(361): CodeIgniter\CodeIgniter->handleRequest(null, Object(Config\Cache), false)
 7 FCPATH\index.php(87): CodeIgniter\CodeIgniter->run()
CRITICAL - 2024-02-27 10:36:45 --> [Caused by] CodeIgniter\Database\Exceptions\DatabaseException: Operand should contain 1 column(s)
in SYSTEMPATH\Database\MySQLi\Connection.php on line 311.
 1 SYSTEMPATH\Database\BaseConnection.php(693): CodeIgniter\Database\MySQLi\Connection->execute('INSERT INTO `users` (`name`, `phone_no`, `role`, `profile_photo`, `city`, `address`, `near_by`, `nagar`, `age`, `accupation`, `shaka_nagar`, `basti`, `shaka`, `vibhag`, `daitva`, `created_at`) VALUES (\'kunal saini\', \'6261941674\', \'role\', (\'success\',\'http://localhost:8080/uploads/65ddbb3daaada_image 2.png\'), \'ujjain\', \'shri raam colony\', \'patel nagar\', \'mahesh nagar\', \'26\', \'naukri\', \'mahesh nagar\', \'shri raam colony\', \'colony shaka\', \'shir raam colony\', \'daitva\', \'24-02-27 10:36:45\')')
 2 SYSTEMPATH\Database\BaseConnection.php(607): CodeIgniter\Database\BaseConnection->simpleQuery('INSERT INTO `users` (`name`, `phone_no`, `role`, `profile_photo`, `city`, `address`, `near_by`, `nagar`, `age`, `accupation`, `shaka_nagar`, `basti`, `shaka`, `vibhag`, `daitva`, `created_at`) VALUES (\'kunal saini\', \'6261941674\', \'role\', (\'success\',\'http://localhost:8080/uploads/65ddbb3daaada_image 2.png\'), \'ujjain\', \'shri raam colony\', \'patel nagar\', \'mahesh nagar\', \'26\', \'naukri\', \'mahesh nagar\', \'shri raam colony\', \'colony shaka\', \'shir raam colony\', \'daitva\', \'24-02-27 10:36:45\')')
 3 SYSTEMPATH\Database\BaseBuilder.php(2307): CodeIgniter\Database\BaseConnection->query('INSERT INTO `users` (`name`, `phone_no`, `role`, `profile_photo`, `city`, `address`, `near_by`, `nagar`, `age`, `accupation`, `shaka_nagar`, `basti`, `shaka`, `vibhag`, `daitva`, `created_at`) VALUES (:name:, :phone_no:, :role:, :profile_photo:, :city:, :address:, :near_by:, :nagar:, :age:, :accupation:, :shaka_nagar:, :basti:, :shaka:, :vibhag:, :daitva:, :created_at:)', [...], false)
 4 APPPATH\Models\CommonModel.php(12): CodeIgniter\Database\BaseBuilder->insert([...])
 5 APPPATH\Controllers\User.php(210): App\Models\CommonModel->insertValue('users', [...])
 6 SYSTEMPATH\CodeIgniter.php(941): App\Controllers\User->create()
 7 SYSTEMPATH\CodeIgniter.php(502): CodeIgniter\CodeIgniter->runController(Object(App\Controllers\User))
 8 SYSTEMPATH\CodeIgniter.php(361): CodeIgniter\CodeIgniter->handleRequest(null, Object(Config\Cache), false)
 9 FCPATH\index.php(87): CodeIgniter\CodeIgniter->run()
CRITICAL - 2024-02-27 10:36:45 --> [Caused by] mysqli_sql_exception: Operand should contain 1 column(s)
in SYSTEMPATH\Database\MySQLi\Connection.php on line 306.
 1 SYSTEMPATH\Database\MySQLi\Connection.php(306): mysqli->query('INSERT INTO `users` (`name`, `phone_no`, `role`, `profile_photo`, `city`, `address`, `near_by`, `nagar`, `age`, `accupation`, `shaka_nagar`, `basti`, `shaka`, `vibhag`, `daitva`, `created_at`) VALUES (\'kunal saini\', \'6261941674\', \'role\', (\'success\',\'http://localhost:8080/uploads/65ddbb3daaada_image 2.png\'), \'ujjain\', \'shri raam colony\', \'patel nagar\', \'mahesh nagar\', \'26\', \'naukri\', \'mahesh nagar\', \'shri raam colony\', \'colony shaka\', \'shir raam colony\', \'daitva\', \'24-02-27 10:36:45\')', 0)
 2 SYSTEMPATH\Database\BaseConnection.php(693): CodeIgniter\Database\MySQLi\Connection->execute('INSERT INTO `users` (`name`, `phone_no`, `role`, `profile_photo`, `city`, `address`, `near_by`, `nagar`, `age`, `accupation`, `shaka_nagar`, `basti`, `shaka`, `vibhag`, `daitva`, `created_at`) VALUES (\'kunal saini\', \'6261941674\', \'role\', (\'success\',\'http://localhost:8080/uploads/65ddbb3daaada_image 2.png\'), \'ujjain\', \'shri raam colony\', \'patel nagar\', \'mahesh nagar\', \'26\', \'naukri\', \'mahesh nagar\', \'shri raam colony\', \'colony shaka\', \'shir raam colony\', \'daitva\', \'24-02-27 10:36:45\')')
 3 SYSTEMPATH\Database\BaseConnection.php(607): CodeIgniter\Database\BaseConnection->simpleQuery('INSERT INTO `users` (`name`, `phone_no`, `role`, `profile_photo`, `city`, `address`, `near_by`, `nagar`, `age`, `accupation`, `shaka_nagar`, `basti`, `shaka`, `vibhag`, `daitva`, `created_at`) VALUES (\'kunal saini\', \'6261941674\', \'role\', (\'success\',\'http://localhost:8080/uploads/65ddbb3daaada_image 2.png\'), \'ujjain\', \'shri raam colony\', \'patel nagar\', \'mahesh nagar\', \'26\', \'naukri\', \'mahesh nagar\', \'shri raam colony\', \'colony shaka\', \'shir raam colony\', \'daitva\', \'24-02-27 10:36:45\')')
 4 SYSTEMPATH\Database\BaseBuilder.php(2307): CodeIgniter\Database\BaseConnection->query('INSERT INTO `users` (`name`, `phone_no`, `role`, `profile_photo`, `city`, `address`, `near_by`, `nagar`, `age`, `accupation`, `shaka_nagar`, `basti`, `shaka`, `vibhag`, `daitva`, `created_at`) VALUES (:name:, :phone_no:, :role:, :profile_photo:, :city:, :address:, :near_by:, :nagar:, :age:, :accupation:, :shaka_nagar:, :basti:, :shaka:, :vibhag:, :daitva:, :created_at:)', [...], false)
 5 APPPATH\Models\CommonModel.php(12): CodeIgniter\Database\BaseBuilder->insert([...])
 6 APPPATH\Controllers\User.php(210): App\Models\CommonModel->insertValue('users', [...])
 7 SYSTEMPATH\CodeIgniter.php(941): App\Controllers\User->create()
 8 SYSTEMPATH\CodeIgniter.php(502): CodeIgniter\CodeIgniter->runController(Object(App\Controllers\User))
 9 SYSTEMPATH\CodeIgniter.php(361): CodeIgniter\CodeIgniter->handleRequest(null, Object(Config\Cache), false)
10 FCPATH\index.php(87): CodeIgniter\CodeIgniter->run()
ERROR - 2024-02-27 10:39:39 --> mysqli_sql_exception: Operand should contain 1 column(s) in C:\xampp\htdocs\CI\system\Database\MySQLi\Connection.php:306
Stack trace:
#0 C:\xampp\htdocs\CI\system\Database\MySQLi\Connection.php(306): mysqli->query('INSERT INTO `us...', 0)
#1 C:\xampp\htdocs\CI\system\Database\BaseConnection.php(693): CodeIgniter\Database\MySQLi\Connection->execute('INSERT INTO `us...')
#2 C:\xampp\htdocs\CI\system\Database\BaseConnection.php(607): CodeIgniter\Database\BaseConnection->simpleQuery('INSERT INTO `us...')
#3 C:\xampp\htdocs\CI\system\Database\BaseBuilder.php(2307): CodeIgniter\Database\BaseConnection->query('INSERT INTO `us...', Array, false)
#4 C:\xampp\htdocs\CI\app\Models\CommonModel.php(12): CodeIgniter\Database\BaseBuilder->insert(Array)
#5 C:\xampp\htdocs\CI\app\Controllers\User.php(210): App\Models\CommonModel->insertValue('users', Array)
#6 C:\xampp\htdocs\CI\system\CodeIgniter.php(941): App\Controllers\User->create()
#7 C:\xampp\htdocs\CI\system\CodeIgniter.php(502): CodeIgniter\CodeIgniter->runController(Object(App\Controllers\User))
#8 C:\xampp\htdocs\CI\system\CodeIgniter.php(361): CodeIgniter\CodeIgniter->handleRequest(NULL, Object(Config\Cache), false)
#9 C:\xampp\htdocs\CI\public\index.php(87): CodeIgniter\CodeIgniter->run()
#10 {main}
CRITICAL - 2024-02-27 10:39:39 --> CodeIgniter\Database\Exceptions\DatabaseException: Operand should contain 1 column(s)
in SYSTEMPATH\Database\BaseConnection.php on line 647.
 1 SYSTEMPATH\Database\BaseBuilder.php(2307): CodeIgniter\Database\BaseConnection->query('INSERT INTO `users` (`name`, `phone_no`, `role`, `profile_photo`, `city`, `address`, `near_by`, `nagar`, `age`, `accupation`, `shaka_nagar`, `basti`, `shaka`, `vibhag`, `daitva`, `created_at`) VALUES (:name:, :phone_no:, :role:, :profile_photo:, :city:, :address:, :near_by:, :nagar:, :age:, :accupation:, :shaka_nagar:, :basti:, :shaka:, :vibhag:, :daitva:, :created_at:)', [...], false)
 2 APPPATH\Models\CommonModel.php(12): CodeIgniter\Database\BaseBuilder->insert([...])
 3 APPPATH\Controllers\User.php(210): App\Models\CommonModel->insertValue('users', [...])
 4 SYSTEMPATH\CodeIgniter.php(941): App\Controllers\User->create()
 5 SYSTEMPATH\CodeIgniter.php(502): CodeIgniter\CodeIgniter->runController(Object(App\Controllers\User))
 6 SYSTEMPATH\CodeIgniter.php(361): CodeIgniter\CodeIgniter->handleRequest(null, Object(Config\Cache), false)
 7 FCPATH\index.php(87): CodeIgniter\CodeIgniter->run()
CRITICAL - 2024-02-27 10:39:39 --> [Caused by] CodeIgniter\Database\Exceptions\DatabaseException: Operand should contain 1 column(s)
in SYSTEMPATH\Database\MySQLi\Connection.php on line 311.
 1 SYSTEMPATH\Database\BaseConnection.php(693): CodeIgniter\Database\MySQLi\Connection->execute('INSERT INTO `users` (`name`, `phone_no`, `role`, `profile_photo`, `city`, `address`, `near_by`, `nagar`, `age`, `accupation`, `shaka_nagar`, `basti`, `shaka`, `vibhag`, `daitva`, `created_at`) VALUES (\'kunal saini\', \'6261941674\', \'role\', (\'success\',\'http://localhost:8080/uploads/65ddbbebc3004_image 2.png\'), \'ujjain\', \'shri raam colony\', \'patel nagar\', \'mahesh nagar\', \'26\', \'naukri\', \'mahesh nagar\', \'shri raam colony\', \'colony shaka\', \'shir raam colony\', \'daitva\', \'24-02-27 10:39:39\')')
 2 SYSTEMPATH\Database\BaseConnection.php(607): CodeIgniter\Database\BaseConnection->simpleQuery('INSERT INTO `users` (`name`, `phone_no`, `role`, `profile_photo`, `city`, `address`, `near_by`, `nagar`, `age`, `accupation`, `shaka_nagar`, `basti`, `shaka`, `vibhag`, `daitva`, `created_at`) VALUES (\'kunal saini\', \'6261941674\', \'role\', (\'success\',\'http://localhost:8080/uploads/65ddbbebc3004_image 2.png\'), \'ujjain\', \'shri raam colony\', \'patel nagar\', \'mahesh nagar\', \'26\', \'naukri\', \'mahesh nagar\', \'shri raam colony\', \'colony shaka\', \'shir raam colony\', \'daitva\', \'24-02-27 10:39:39\')')
 3 SYSTEMPATH\Database\BaseBuilder.php(2307): CodeIgniter\Database\BaseConnection->query('INSERT INTO `users` (`name`, `phone_no`, `role`, `profile_photo`, `city`, `address`, `near_by`, `nagar`, `age`, `accupation`, `shaka_nagar`, `basti`, `shaka`, `vibhag`, `daitva`, `created_at`) VALUES (:name:, :phone_no:, :role:, :profile_photo:, :city:, :address:, :near_by:, :nagar:, :age:, :accupation:, :shaka_nagar:, :basti:, :shaka:, :vibhag:, :daitva:, :created_at:)', [...], false)
 4 APPPATH\Models\CommonModel.php(12): CodeIgniter\Database\BaseBuilder->insert([...])
 5 APPPATH\Controllers\User.php(210): App\Models\CommonModel->insertValue('users', [...])
 6 SYSTEMPATH\CodeIgniter.php(941): App\Controllers\User->create()
 7 SYSTEMPATH\CodeIgniter.php(502): CodeIgniter\CodeIgniter->runController(Object(App\Controllers\User))
 8 SYSTEMPATH\CodeIgniter.php(361): CodeIgniter\CodeIgniter->handleRequest(null, Object(Config\Cache), false)
 9 FCPATH\index.php(87): CodeIgniter\CodeIgniter->run()
CRITICAL - 2024-02-27 10:39:39 --> [Caused by] mysqli_sql_exception: Operand should contain 1 column(s)
in SYSTEMPATH\Database\MySQLi\Connection.php on line 306.
 1 SYSTEMPATH\Database\MySQLi\Connection.php(306): mysqli->query('INSERT INTO `users` (`name`, `phone_no`, `role`, `profile_photo`, `city`, `address`, `near_by`, `nagar`, `age`, `accupation`, `shaka_nagar`, `basti`, `shaka`, `vibhag`, `daitva`, `created_at`) VALUES (\'kunal saini\', \'6261941674\', \'role\', (\'success\',\'http://localhost:8080/uploads/65ddbbebc3004_image 2.png\'), \'ujjain\', \'shri raam colony\', \'patel nagar\', \'mahesh nagar\', \'26\', \'naukri\', \'mahesh nagar\', \'shri raam colony\', \'colony shaka\', \'shir raam colony\', \'daitva\', \'24-02-27 10:39:39\')', 0)
 2 SYSTEMPATH\Database\BaseConnection.php(693): CodeIgniter\Database\MySQLi\Connection->execute('INSERT INTO `users` (`name`, `phone_no`, `role`, `profile_photo`, `city`, `address`, `near_by`, `nagar`, `age`, `accupation`, `shaka_nagar`, `basti`, `shaka`, `vibhag`, `daitva`, `created_at`) VALUES (\'kunal saini\', \'6261941674\', \'role\', (\'success\',\'http://localhost:8080/uploads/65ddbbebc3004_image 2.png\'), \'ujjain\', \'shri raam colony\', \'patel nagar\', \'mahesh nagar\', \'26\', \'naukri\', \'mahesh nagar\', \'shri raam colony\', \'colony shaka\', \'shir raam colony\', \'daitva\', \'24-02-27 10:39:39\')')
 3 SYSTEMPATH\Database\BaseConnection.php(607): CodeIgniter\Database\BaseConnection->simpleQuery('INSERT INTO `users` (`name`, `phone_no`, `role`, `profile_photo`, `city`, `address`, `near_by`, `nagar`, `age`, `accupation`, `shaka_nagar`, `basti`, `shaka`, `vibhag`, `daitva`, `created_at`) VALUES (\'kunal saini\', \'6261941674\', \'role\', (\'success\',\'http://localhost:8080/uploads/65ddbbebc3004_image 2.png\'), \'ujjain\', \'shri raam colony\', \'patel nagar\', \'mahesh nagar\', \'26\', \'naukri\', \'mahesh nagar\', \'shri raam colony\', \'colony shaka\', \'shir raam colony\', \'daitva\', \'24-02-27 10:39:39\')')
 4 SYSTEMPATH\Database\BaseBuilder.php(2307): CodeIgniter\Database\BaseConnection->query('INSERT INTO `users` (`name`, `phone_no`, `role`, `profile_photo`, `city`, `address`, `near_by`, `nagar`, `age`, `accupation`, `shaka_nagar`, `basti`, `shaka`, `vibhag`, `daitva`, `created_at`) VALUES (:name:, :phone_no:, :role:, :profile_photo:, :city:, :address:, :near_by:, :nagar:, :age:, :accupation:, :shaka_nagar:, :basti:, :shaka:, :vibhag:, :daitva:, :created_at:)', [...], false)
 5 APPPATH\Models\CommonModel.php(12): CodeIgniter\Database\BaseBuilder->insert([...])
 6 APPPATH\Controllers\User.php(210): App\Models\CommonModel->insertValue('users', [...])
 7 SYSTEMPATH\CodeIgniter.php(941): App\Controllers\User->create()
 8 SYSTEMPATH\CodeIgniter.php(502): CodeIgniter\CodeIgniter->runController(Object(App\Controllers\User))
 9 SYSTEMPATH\CodeIgniter.php(361): CodeIgniter\CodeIgniter->handleRequest(null, Object(Config\Cache), false)
10 FCPATH\index.php(87): CodeIgniter\CodeIgniter->run()
CRITICAL - 2024-02-27 12:04:02 --> CodeIgniter\HTTP\Exceptions\HTTPException: Failed to parse JSON string. Error: Syntax error
in SYSTEMPATH\HTTP\IncomingRequest.php on line 588.
 1 SYSTEMPATH\HTTP\IncomingRequest.php(588): CodeIgniter\HTTP\Exceptions\HTTPException::forInvalidJSON('Syntax error')
 2 SYSTEMPATH\HTTP\IncomingRequest.php(608): CodeIgniter\HTTP\IncomingRequest->getJSON(true)
 3 SYSTEMPATH\HTTP\IncomingRequest.php(556): CodeIgniter\HTTP\IncomingRequest->getJsonVar('name', false, null, null)
 4 APPPATH\Controllers\Daitva.php(61): CodeIgniter\HTTP\IncomingRequest->getVar('name')
 5 SYSTEMPATH\CodeIgniter.php(941): App\Controllers\Daitva->create()
 6 SYSTEMPATH\CodeIgniter.php(502): CodeIgniter\CodeIgniter->runController(Object(App\Controllers\Daitva))
 7 SYSTEMPATH\CodeIgniter.php(361): CodeIgniter\CodeIgniter->handleRequest(null, Object(Config\Cache), false)
 8 FCPATH\index.php(87): CodeIgniter\CodeIgniter->run()
CRITICAL - 2024-02-27 12:50:09 --> ErrorException: Undefined array key "url"
in APPPATH\Controllers\User.php on line 196.
 1 APPPATH\Controllers\User.php(196): CodeIgniter\Debug\Exceptions->errorHandler(2, 'Undefined array key "url"', 'C:\\xampp\\htdocs\\CI\\app\\Controllers\\User.php', 196)
 2 SYSTEMPATH\CodeIgniter.php(941): App\Controllers\User->create()
 3 SYSTEMPATH\CodeIgniter.php(502): CodeIgniter\CodeIgniter->runController(Object(App\Controllers\User))
 4 SYSTEMPATH\CodeIgniter.php(361): CodeIgniter\CodeIgniter->handleRequest(null, Object(Config\Cache), false)
 5 FCPATH\index.php(87): CodeIgniter\CodeIgniter->run()
